2022-11-05 08:29:57,757 [INFO] Activator:177 - 


2022-11-05 08:29:57,757 [INFO] Activator:178 - !SESSION log4j initialized
<<<<<<< HEAD
<<<<<<< Updated upstream
=======
=======
>>>>>>> b8fd62af37f8ac0f331b04391464c5b5874a2529
2022-11-05 08:30:10,735 [INFO] McuFinderGlobals:39 - Set McuFinder mode to 2 (CubeIDE integrated)
2022-11-05 08:30:11,657 [INFO] ApplicationProperties:181 - Using Application install path: C:\ST\STM32CubeIDE_1.7.0\STM32CubeIDE\plugins\com.st.stm32cube.common.mx_6.3.0.202107141111
2022-11-05 08:30:11,689 [INFO] DbMcusXml:74 - Set database path to: C:\ST\STM32CubeIDE_1.7.0\STM32CubeIDE\plugins\com.st.stm32cube.common.mx_6.3.0.202107141111\\db\/mcu/
2022-11-05 08:30:11,701 [INFO] DbBoardsPdsc:56 - Set plugin database path to: C:\ST\STM32CubeIDE_1.7.0\STM32CubeIDE\plugins\com.st.stm32cube.common.mx_6.3.0.202107141111\\db\/plugins/boardmanager/
2022-11-05 08:30:11,701 [INFO] DbMcus:258 - Set plugin images path to: C:\ST\STM32CubeIDE_1.7.0\STM32CubeIDE\plugins\com.st.stm32cube.common.mx_6.3.0.202107141111\\db\/plugins/mcufinder/images/
2022-11-05 08:30:11,701 [INFO] DbBoards:264 - Set plugin images path to: C:\ST\STM32CubeIDE_1.7.0\STM32CubeIDE\plugins\com.st.stm32cube.common.mx_6.3.0.202107141111\\db\/plugins/mcufinder/images/
2022-11-05 08:30:11,709 [INFO] DbExamples:333 - Set plugin images path to: C:\ST\STM32CubeIDE_1.7.0\STM32CubeIDE\plugins\com.st.stm32cube.common.mx_6.3.0.202107141111\\db\/plugins/mcufinder/images/
2022-11-05 08:30:11,729 [INFO] DbMcusAds:119 - Set database path to: C:\Users\pc\.stmcufinder\plugins\mcufinder//mcu/
2022-11-05 08:30:11,733 [INFO] DbMcusDocs:110 - Set database path to: C:\Users\pc\.stmcufinder\plugins\mcufinder//mcu/
2022-11-05 08:30:11,737 [INFO] DbMcusJson:64 - Set database path to: C:\Users\pc\.stmcufinder\plugins\mcufinder//mcu/
2022-11-05 08:30:11,741 [INFO] DbBoardsDocs:110 - Set database path to: C:\Users\pc\.stmcufinder\plugins\mcufinder//mcu/
2022-11-05 08:30:11,745 [INFO] DbBoardsJson:57 - Set database path to: C:\Users\pc\.stmcufinder\plugins\mcufinder//mcu/
2022-11-05 08:30:11,765 [INFO] CrossReferenceDbSqlite:196 - Set database path to: C:\Users\pc\.stmcufinder\plugins\mcufinder//mcu/cs/
2022-11-05 08:30:11,773 [INFO] DbExamplesSqlite:767 - Set database path to: C:\Users\pc\.stmcufinder\plugins\mcufinder//mcu/
2022-11-05 08:30:11,981 [INFO] RulesReader:57 - Compatibility file has been processed (242 Rules)
2022-11-05 08:30:12,195 [INFO] DbMcusXml:74 - Set database path to: C:\ST\STM32CubeIDE_1.7.0\STM32CubeIDE\plugins\com.st.stm32cube.common.mx_6.3.0.202107141111\\db\/mcu/
2022-11-05 08:30:12,195 [INFO] DbBoardsPdsc:56 - Set plugin database path to: C:\ST\STM32CubeIDE_1.7.0\STM32CubeIDE\plugins\com.st.stm32cube.common.mx_6.3.0.202107141111\\db\/plugins/boardmanager/
2022-11-05 08:30:12,199 [INFO] DbMcus:258 - Set plugin images path to: C:\ST\STM32CubeIDE_1.7.0\STM32CubeIDE\plugins\com.st.stm32cube.common.mx_6.3.0.202107141111\\db\/plugins/mcufinder/images/
2022-11-05 08:30:12,199 [INFO] DbBoards:264 - Set plugin images path to: C:\ST\STM32CubeIDE_1.7.0\STM32CubeIDE\plugins\com.st.stm32cube.common.mx_6.3.0.202107141111\\db\/plugins/mcufinder/images/
2022-11-05 08:30:12,199 [INFO] DbExamples:333 - Set plugin images path to: C:\ST\STM32CubeIDE_1.7.0\STM32CubeIDE\plugins\com.st.stm32cube.common.mx_6.3.0.202107141111\\db\/plugins/mcufinder/images/
2022-11-05 08:30:12,199 [WARN] DbFile:35 - Overriding database path with different value: C:\Users\pc\.stmcufinder\plugins\mcufinder/ => C:\Users\pc\.stmcufinder\plugins\mcufinder
2022-11-05 08:30:12,199 [INFO] DbMcusAds:119 - Set database path to: C:\Users\pc\.stmcufinder\plugins\mcufinder//mcu/
2022-11-05 08:30:12,199 [WARN] DbFile:35 - Overriding database path with different value: C:\Users\pc\.stmcufinder\plugins\mcufinder/ => C:\Users\pc\.stmcufinder\plugins\mcufinder
2022-11-05 08:30:12,199 [INFO] DbMcusDocs:110 - Set database path to: C:\Users\pc\.stmcufinder\plugins\mcufinder//mcu/
2022-11-05 08:30:12,199 [WARN] DbFile:35 - Overriding database path with different value: C:\Users\pc\.stmcufinder\plugins\mcufinder/ => C:\Users\pc\.stmcufinder\plugins\mcufinder
2022-11-05 08:30:12,199 [INFO] DbMcusJson:64 - Set database path to: C:\Users\pc\.stmcufinder\plugins\mcufinder//mcu/
2022-11-05 08:30:12,199 [WARN] DbFile:35 - Overriding database path with different value: C:\Users\pc\.stmcufinder\plugins\mcufinder/ => C:\Users\pc\.stmcufinder\plugins\mcufinder
2022-11-05 08:30:12,199 [INFO] DbBoardsDocs:110 - Set database path to: C:\Users\pc\.stmcufinder\plugins\mcufinder//mcu/
2022-11-05 08:30:12,199 [WARN] DbFile:35 - Overriding database path with different value: C:\Users\pc\.stmcufinder\plugins\mcufinder/ => C:\Users\pc\.stmcufinder\plugins\mcufinder
2022-11-05 08:30:12,199 [INFO] DbBoardsJson:57 - Set database path to: C:\Users\pc\.stmcufinder\plugins\mcufinder//mcu/
2022-11-05 08:30:12,199 [WARN] DbFile:35 - Overriding database path with different value: C:\Users\pc\.stmcufinder\plugins\mcufinder/ => C:\Users\pc\.stmcufinder\plugins\mcufinder
2022-11-05 08:30:12,199 [WARN] DbFile:35 - Overriding database path with different value: C:\Users\pc\.stmcufinder\plugins\mcufinder/ => C:\Users\pc\.stmcufinder\plugins\mcufinder
2022-11-05 08:30:12,199 [INFO] CrossReferenceDbSqlite:196 - Set database path to: C:\Users\pc\.stmcufinder\plugins\mcufinder//mcu/cs/
2022-11-05 08:30:12,199 [WARN] DbFile:35 - Overriding database path with different value: C:\Users\pc\.stmcufinder\plugins\mcufinder/ => C:\Users\pc\.stmcufinder\plugins\mcufinder
2022-11-05 08:30:12,199 [INFO] DbExamplesSqlite:767 - Set database path to: C:\Users\pc\.stmcufinder\plugins\mcufinder//mcu/
2022-11-05 08:30:12,387 [INFO] MainPanel:214 - HeapMemory: 268435456
2022-11-05 08:30:12,671 [INFO] DbMcusXml:74 - Set database path to: C:\ST\STM32CubeIDE_1.7.0\STM32CubeIDE\plugins\com.st.stm32cube.common.mx_6.3.0.202107141111\\db\/mcu/
2022-11-05 08:30:12,671 [INFO] DbBoardsPdsc:56 - Set plugin database path to: C:\ST\STM32CubeIDE_1.7.0\STM32CubeIDE\plugins\com.st.stm32cube.common.mx_6.3.0.202107141111\\db\/plugins/boardmanager/
2022-11-05 08:30:12,671 [INFO] DbMcus:258 - Set plugin images path to: C:\ST\STM32CubeIDE_1.7.0\STM32CubeIDE\plugins\com.st.stm32cube.common.mx_6.3.0.202107141111\\db\/plugins/mcufinder/images/
2022-11-05 08:30:12,671 [INFO] DbBoards:264 - Set plugin images path to: C:\ST\STM32CubeIDE_1.7.0\STM32CubeIDE\plugins\com.st.stm32cube.common.mx_6.3.0.202107141111\\db\/plugins/mcufinder/images/
2022-11-05 08:30:12,671 [INFO] DbExamples:333 - Set plugin images path to: C:\ST\STM32CubeIDE_1.7.0\STM32CubeIDE\plugins\com.st.stm32cube.common.mx_6.3.0.202107141111\\db\/plugins/mcufinder/images/
2022-11-05 08:30:12,671 [WARN] DbFile:35 - Overriding database path with different value: C:\Users\pc\.stmcufinder\plugins\mcufinder/ => C:\Users\pc\.stmcufinder\plugins\mcufinder
2022-11-05 08:30:12,675 [INFO] DbMcusAds:119 - Set database path to: C:\Users\pc\.stmcufinder\plugins\mcufinder//mcu/
2022-11-05 08:30:12,675 [WARN] DbFile:35 - Overriding database path with different value: C:\Users\pc\.stmcufinder\plugins\mcufinder/ => C:\Users\pc\.stmcufinder\plugins\mcufinder
2022-11-05 08:30:12,675 [INFO] DbMcusDocs:110 - Set database path to: C:\Users\pc\.stmcufinder\plugins\mcufinder//mcu/
2022-11-05 08:30:12,675 [WARN] DbFile:35 - Overriding database path with different value: C:\Users\pc\.stmcufinder\plugins\mcufinder/ => C:\Users\pc\.stmcufinder\plugins\mcufinder
2022-11-05 08:30:12,675 [INFO] DbMcusJson:64 - Set database path to: C:\Users\pc\.stmcufinder\plugins\mcufinder//mcu/
2022-11-05 08:30:12,675 [WARN] DbFile:35 - Overriding database path with different value: C:\Users\pc\.stmcufinder\plugins\mcufinder/ => C:\Users\pc\.stmcufinder\plugins\mcufinder
2022-11-05 08:30:12,675 [INFO] DbBoardsDocs:110 - Set database path to: C:\Users\pc\.stmcufinder\plugins\mcufinder//mcu/
2022-11-05 08:30:12,675 [WARN] DbFile:35 - Overriding database path with different value: C:\Users\pc\.stmcufinder\plugins\mcufinder/ => C:\Users\pc\.stmcufinder\plugins\mcufinder
2022-11-05 08:30:12,675 [INFO] DbBoardsJson:57 - Set database path to: C:\Users\pc\.stmcufinder\plugins\mcufinder//mcu/
2022-11-05 08:30:12,675 [WARN] DbFile:35 - Overriding database path with different value: C:\Users\pc\.stmcufinder\plugins\mcufinder/ => C:\Users\pc\.stmcufinder\plugins\mcufinder
2022-11-05 08:30:12,675 [WARN] DbFile:35 - Overriding database path with different value: C:\Users\pc\.stmcufinder\plugins\mcufinder/ => C:\Users\pc\.stmcufinder\plugins\mcufinder
2022-11-05 08:30:12,675 [INFO] CrossReferenceDbSqlite:196 - Set database path to: C:\Users\pc\.stmcufinder\plugins\mcufinder//mcu/cs/
2022-11-05 08:30:12,675 [WARN] DbFile:35 - Overriding database path with different value: C:\Users\pc\.stmcufinder\plugins\mcufinder/ => C:\Users\pc\.stmcufinder\plugins\mcufinder
2022-11-05 08:30:12,675 [INFO] DbExamplesSqlite:767 - Set database path to: C:\Users\pc\.stmcufinder\plugins\mcufinder//mcu/
2022-11-05 08:30:12,719 [INFO] ApplicationProperties:181 - Using Application install path: C:\ST\STM32CubeIDE_1.7.0\STM32CubeIDE\plugins\com.st.stm32cube.common.mx_6.3.0.202107141111
2022-11-05 08:30:12,723 [INFO] PluginManage:188 - Search for loadable plugins [exclusion list=, ]
2022-11-05 08:30:12,727 [INFO] PluginManage:302 - Check plugin analytics
2022-11-05 08:30:17,605 [INFO] AnalyticsPlugin:257 - Accepted Software Licenses: 
2022-11-05 08:30:17,609 [INFO] AnalyticsPlugin:259 - Accepted CMSIS Pack Licenses: 
2022-11-05 08:30:17,609 [INFO] AnalyticsPlugin:261 - Accepted Firmware Licenses: 
2022-11-05 08:30:17,609 [INFO] PluginManage:352 - Loaded plugin analytics (category:tool,tabindex:-1)
2022-11-05 08:30:17,609 [INFO] PluginManage:302 - Check plugin clock
2022-11-05 08:30:17,645 [INFO] PluginManage:352 - Loaded plugin clock (category:base,tabindex:2)
2022-11-05 08:30:17,645 [INFO] PluginManage:302 - Check plugin ddr
2022-11-05 08:30:17,653 [INFO] PluginManage:352 - Loaded plugin ddr (category:tool,tabindex:6)
2022-11-05 08:30:17,653 [INFO] PluginManage:302 - Check plugin filemanager
2022-11-05 08:30:17,972 [INFO] PluginManage:352 - Loaded plugin filemanager (category:base,tabindex:10)
2022-11-05 08:30:17,972 [INFO] PluginManage:302 - Check plugin ipmanager
2022-11-05 08:30:17,992 [INFO] PluginManage:352 - Loaded plugin ipmanager (category:base,tabindex:5)
2022-11-05 08:30:17,992 [INFO] PluginManage:302 - Check plugin pinoutandconfiguration
2022-11-05 08:30:18,025 [INFO] PluginManage:352 - Loaded plugin pinoutandconfiguration (category:base,tabindex:1)
2022-11-05 08:30:18,025 [INFO] PluginManage:302 - Check plugin pinoutconfig
2022-11-05 08:30:18,101 [INFO] PluginManage:352 - Loaded plugin pinoutconfig (category:base,tabindex:0)
2022-11-05 08:30:18,101 [INFO] PluginManage:302 - Check plugin power
2022-11-05 08:30:18,149 [INFO] PluginManage:352 - Loaded plugin power (category:power,tabindex:4)
2022-11-05 08:30:18,149 [INFO] PluginManage:302 - Check plugin projectmanager
2022-11-05 08:30:18,177 [INFO] PluginManage:352 - Loaded plugin projectmanager (category:projectmanager,tabindex:3)
2022-11-05 08:30:18,177 [INFO] PluginManage:302 - Check plugin thirdparty
2022-11-05 08:30:18,603 [WARN] IntegrityCheckThread:78 - waiting for thirdparty lock release [integrity check]
2022-11-05 08:30:18,603 [INFO] PluginManage:352 - Loaded plugin thirdparty (category:base,tabindex:-1)
2022-11-05 08:30:18,603 [INFO] IntegrityCheckThread:80 - entering critical section [integrity check]
2022-11-05 08:30:18,603 [INFO] PluginManage:302 - Check plugin tools
2022-11-05 08:30:18,603 [INFO] ThirdPartyUpdaterWithRetryManager:66 - Updater plugin not ready yet. [1/15]
2022-11-05 08:30:18,683 [INFO] PluginManage:352 - Loaded plugin tools (category:base,tabindex:7)
2022-11-05 08:30:18,683 [INFO] PluginManage:302 - Check plugin tutovideos
2022-11-05 08:30:19,336 [INFO] PluginManage:352 - Loaded plugin tutovideos (category:base,tabindex:-1)
2022-11-05 08:30:19,336 [INFO] PluginManage:302 - Check plugin updater
2022-11-05 08:30:19,360 [INFO] PluginManage:352 - Loaded plugin updater (category:base,tabindex:12)
2022-11-05 08:30:19,360 [INFO] PluginManage:275 - PluginManage : Loaded plugins [13]
2022-11-05 08:30:19,708 [INFO] PinOutPanel:1463 - setPackage(No Configuration,No Configuration)
2022-11-05 08:30:19,900 [INFO] IPUIPlugin:74 - create IPUIPlugin
2022-11-05 08:30:19,900 [INFO] PluginManager:213 - loadIPPluginJar : add adc
2022-11-05 08:30:19,972 [INFO] IPUIPlugin:74 - create IPUIPlugin
2022-11-05 08:30:19,972 [INFO] PluginManager:213 - loadIPPluginJar : add aes
2022-11-05 08:30:20,044 [INFO] IPUIPlugin:74 - create IPUIPlugin
2022-11-05 08:30:20,044 [INFO] PluginManager:213 - loadIPPluginJar : add can
2022-11-05 08:30:20,088 [INFO] IPUIPlugin:74 - create IPUIPlugin
2022-11-05 08:30:20,088 [INFO] PluginManager:213 - loadIPPluginJar : add comp
2022-11-05 08:30:20,144 [INFO] IPUIPlugin:74 - create IPUIPlugin
2022-11-05 08:30:20,144 [INFO] PluginManager:213 - loadIPPluginJar : add cryp
2022-11-05 08:30:20,201 [INFO] IPUIPlugin:74 - create IPUIPlugin
2022-11-05 08:30:20,201 [INFO] PluginManager:213 - loadIPPluginJar : add dfsdm
2022-11-05 08:30:20,225 [INFO] IPUIPlugin:74 - create IPUIPlugin
2022-11-05 08:30:20,229 [INFO] PluginManager:213 - loadIPPluginJar : add dma
2022-11-05 08:30:20,297 [INFO] IPUIPlugin:74 - create IPUIPlugin
2022-11-05 08:30:20,297 [INFO] PluginManager:213 - loadIPPluginJar : add dma3
2022-11-05 08:30:20,337 [INFO] IPUIPlugin:74 - create IPUIPlugin
2022-11-05 08:30:20,337 [INFO] PluginManager:213 - loadIPPluginJar : add fatfs
2022-11-05 08:30:20,409 [INFO] IPUIPlugin:74 - create IPUIPlugin
2022-11-05 08:30:20,409 [INFO] PluginManager:213 - loadIPPluginJar : add fmc
2022-11-05 08:30:20,445 [INFO] IPUIPlugin:74 - create IPUIPlugin
2022-11-05 08:30:20,449 [INFO] PluginManager:213 - loadIPPluginJar : add freertos
2022-11-05 08:30:20,489 [INFO] IPUIPlugin:74 - create IPUIPlugin
2022-11-05 08:30:20,489 [INFO] PluginManager:213 - loadIPPluginJar : add genericplugin
2022-11-05 08:30:20,625 [INFO] IPUIPlugin:74 - create IPUIPlugin
2022-11-05 08:30:20,625 [INFO] PluginManager:213 - loadIPPluginJar : add gfxmmu
2022-11-05 08:30:20,803 [INFO] IPUIPlugin:74 - create IPUIPlugin
2022-11-05 08:30:20,807 [INFO] PluginManager:213 - loadIPPluginJar : add gic
2022-11-05 08:30:20,827 [INFO] IPUIPlugin:74 - create IPUIPlugin
2022-11-05 08:30:20,827 [INFO] PluginManager:213 - loadIPPluginJar : add gpio
2022-11-05 08:30:20,923 [INFO] IPUIPlugin:74 - create IPUIPlugin
2022-11-05 08:30:20,923 [INFO] PluginManager:213 - loadIPPluginJar : add gtzc
2022-11-05 08:30:20,951 [INFO] IPUIPlugin:74 - create IPUIPlugin
2022-11-05 08:30:20,967 [INFO] PluginManager:213 - loadIPPluginJar : add hash
2022-11-05 08:30:21,035 [INFO] IPUIPlugin:74 - create IPUIPlugin
2022-11-05 08:30:21,035 [INFO] PluginManager:213 - loadIPPluginJar : add i2c
2022-11-05 08:30:21,087 [INFO] IPUIPlugin:74 - create IPUIPlugin
2022-11-05 08:30:21,087 [INFO] PluginManager:213 - loadIPPluginJar : add i2s
2022-11-05 08:30:21,107 [INFO] IPUIPlugin:74 - create IPUIPlugin
2022-11-05 08:30:21,107 [INFO] PluginManager:213 - loadIPPluginJar : add ipddr
2022-11-05 08:30:21,235 [INFO] IPUIPlugin:74 - create IPUIPlugin
2022-11-05 08:30:21,235 [INFO] PluginManager:213 - loadIPPluginJar : add linkedlist
2022-11-05 08:30:21,283 [INFO] IPUIPlugin:74 - create IPUIPlugin
2022-11-05 08:30:21,283 [INFO] PluginManager:213 - loadIPPluginJar : add lorawan
2022-11-05 08:30:21,335 [INFO] IPUIPlugin:74 - create IPUIPlugin
2022-11-05 08:30:21,335 [INFO] PluginManager:213 - loadIPPluginJar : add ltdc
2022-11-05 08:30:21,351 [INFO] IPUIPlugin:74 - create IPUIPlugin
2022-11-05 08:30:21,351 [INFO] PluginManager:213 - loadIPPluginJar : add mdma
2022-11-05 08:30:21,367 [INFO] IPUIPlugin:74 - create IPUIPlugin
2022-11-05 08:30:21,367 [INFO] PluginManager:213 - loadIPPluginJar : add nvic
2022-11-05 08:30:21,427 [INFO] IPUIPlugin:74 - create IPUIPlugin
2022-11-05 08:30:21,427 [INFO] PluginManager:213 - loadIPPluginJar : add opamp
2022-11-05 08:30:21,527 [INFO] IPUIPlugin:74 - create IPUIPlugin
2022-11-05 08:30:21,527 [INFO] PluginManager:213 - loadIPPluginJar : add openamp
2022-11-05 08:30:21,587 [INFO] IPUIPlugin:74 - create IPUIPlugin
2022-11-05 08:30:21,587 [INFO] PluginManager:213 - loadIPPluginJar : add pdm2pcm
2022-11-05 08:30:21,607 [INFO] IPUIPlugin:74 - create IPUIPlugin
2022-11-05 08:30:21,611 [INFO] PluginManager:213 - loadIPPluginJar : add plateformsettings
2022-11-05 08:30:21,615 [INFO] ThirdPartyUpdaterWithRetryManager:66 - Updater plugin not ready yet. [2/15]
2022-11-05 08:30:21,643 [INFO] IPUIPlugin:74 - create IPUIPlugin
2022-11-05 08:30:21,643 [INFO] PluginManager:213 - loadIPPluginJar : add quadspi
2022-11-05 08:30:21,663 [INFO] IPUIPlugin:74 - create IPUIPlugin
2022-11-05 08:30:21,663 [INFO] PluginManager:213 - loadIPPluginJar : add resmgrutility
2022-11-05 08:30:21,747 [INFO] IPUIPlugin:74 - create IPUIPlugin
2022-11-05 08:30:21,747 [INFO] PluginManager:213 - loadIPPluginJar : add sai
2022-11-05 08:30:21,803 [INFO] IPUIPlugin:74 - create IPUIPlugin
2022-11-05 08:30:21,803 [INFO] PluginManager:213 - loadIPPluginJar : add spi
2022-11-05 08:30:21,871 [INFO] IPUIPlugin:74 - create IPUIPlugin
2022-11-05 08:30:21,871 [INFO] PluginManager:213 - loadIPPluginJar : add stm32_wpan
2022-11-05 08:30:21,907 [INFO] IPUIPlugin:74 - create IPUIPlugin
2022-11-05 08:30:21,907 [INFO] PluginManager:213 - loadIPPluginJar : add tim
2022-11-05 08:30:21,984 [INFO] IPUIPlugin:74 - create IPUIPlugin
2022-11-05 08:30:21,984 [INFO] PluginManager:213 - loadIPPluginJar : add touchsensing
2022-11-05 08:30:22,028 [INFO] IPUIPlugin:74 - create IPUIPlugin
2022-11-05 08:30:22,028 [INFO] PluginManager:213 - loadIPPluginJar : add tracer_emb
2022-11-05 08:30:22,064 [INFO] IPUIPlugin:74 - create IPUIPlugin
2022-11-05 08:30:22,064 [INFO] PluginManager:213 - loadIPPluginJar : add ts
2022-11-05 08:30:22,100 [INFO] IPUIPlugin:74 - create IPUIPlugin
2022-11-05 08:30:22,100 [INFO] PluginManager:213 - loadIPPluginJar : add tsc
2022-11-05 08:30:22,136 [INFO] IPUIPlugin:74 - create IPUIPlugin
2022-11-05 08:30:22,136 [INFO] PluginManager:213 - loadIPPluginJar : add ucpd
2022-11-05 08:30:22,201 [INFO] IPUIPlugin:74 - create IPUIPlugin
2022-11-05 08:30:22,201 [INFO] PluginManager:213 - loadIPPluginJar : add usart
2022-11-05 08:30:22,236 [INFO] IPUIPlugin:74 - create IPUIPlugin
2022-11-05 08:30:22,236 [INFO] PluginManager:213 - loadIPPluginJar : add usbx
2022-11-05 08:30:22,728 [FATAL] Updater:294 - Updater called before beeing initialized
2022-11-05 08:30:22,901 [FATAL] Updater:294 - Updater called before beeing initialized
2022-11-05 08:30:22,909 [INFO] DbMcusAds:47 - JSON generation date=Thu Sep 30 13:56:37 ICT 2021 (1632984997303)
2022-11-05 08:30:22,909 [FATAL] Updater:294 - Updater called before beeing initialized
2022-11-05 08:30:22,973 [WARN] DetailPanel:314 - Failed to get advertising image, set to default
2022-11-05 08:30:23,125 [FATAL] Updater:294 - Updater called before beeing initialized
2022-11-05 08:30:23,129 [FATAL] Updater:294 - Updater called before beeing initialized
2022-11-05 08:30:23,129 [FATAL] Updater:294 - Updater called before beeing initialized
2022-11-05 08:30:23,129 [WARN] DetailPanel:314 - Failed to get advertising image, set to default
2022-11-05 08:30:23,129 [FATAL] Updater:294 - Updater called before beeing initialized
2022-11-05 08:30:23,221 [ERROR] Updater:1075 - MainUpdater not yet initialized. External WinMGr cannot be set.
2022-11-05 08:30:23,237 [INFO] Updater:1012 - Updater Version found : 6.3.0
2022-11-05 08:30:23,261 [INFO] ApplicationProperties:181 - Using Application install path: C:\ST\STM32CubeIDE_1.7.0\STM32CubeIDE\plugins\com.st.stm32cube.common.mx_6.3.0.202107141111
2022-11-05 08:30:23,527 [INFO] MainUpdater:2671 - connection check result : 10
2022-11-05 08:30:23,527 [INFO] MainUpdater:265 - Updater Check For Update Now.
2022-11-05 08:30:23,527 [INFO] MicroXplorer:478 - Change Database Version : DB.6.0.30
2022-11-05 08:30:23,727 [INFO] CheckServerUpdateThread:112 - End of CheckServer Thread
2022-11-05 08:30:23,803 [INFO] MainUpdater:2671 - connection check result : 10
2022-11-05 08:30:23,837 [INFO] McuFinderGlobals:52 - Set McuFinderConnectedMode to true
2022-11-05 08:30:24,330 [INFO] ServerAccessManage:362 - Download File mcusAds.json._tmp_
2022-11-05 08:30:24,460 [INFO] LoadUrlFilesThread:145 - End of LoadUrlFiles Thread
2022-11-05 08:30:24,621 [WARN] MainUpdater:1122 - Updater busy. Cannot search thirdparties
2022-11-05 08:30:24,621 [INFO] ThirdPartyUpdaterWithRetryManager:92 - Updater plugin is busy. [1/15]
2022-11-05 08:30:25,444 [INFO] ServerAccessManage:362 - Download File mcusDocs.json._tmp_
2022-11-05 08:30:26,287 [INFO] LoadUrlFilesThread:145 - End of LoadUrlFiles Thread
2022-11-05 08:30:26,676 [INFO] ServerAccessManage:362 - Download File mcusFeaturesAndDescription.json._tmp_
2022-11-05 08:30:27,631 [WARN] MainUpdater:1122 - Updater busy. Cannot search thirdparties
2022-11-05 08:30:27,631 [INFO] ThirdPartyUpdaterWithRetryManager:92 - Updater plugin is busy. [2/15]
2022-11-05 08:30:28,012 [INFO] LoadUrlFilesThread:145 - End of LoadUrlFiles Thread
2022-11-05 08:30:28,416 [INFO] ServerAccessManage:362 - Download File boardsDocs.json._tmp_
2022-11-05 08:30:28,566 [INFO] LoadUrlFilesThread:145 - End of LoadUrlFiles Thread
2022-11-05 08:30:28,735 [INFO] ServerAccessManage:362 - Download File boards.json._tmp_
2022-11-05 08:30:29,018 [INFO] LoadUrlFilesThread:145 - End of LoadUrlFiles Thread
2022-11-05 08:30:30,636 [WARN] MainUpdater:1122 - Updater busy. Cannot search thirdparties
2022-11-05 08:30:30,636 [INFO] ThirdPartyUpdaterWithRetryManager:92 - Updater plugin is busy. [3/15]
2022-11-05 08:30:33,025 [INFO] ServerAccessManage:362 - Download File cube-finder-db.zip
2022-11-05 08:30:33,648 [WARN] MainUpdater:1122 - Updater busy. Cannot search thirdparties
2022-11-05 08:30:33,648 [INFO] ThirdPartyUpdaterWithRetryManager:92 - Updater plugin is busy. [4/15]
2022-11-05 08:30:36,653 [WARN] MainUpdater:1122 - Updater busy. Cannot search thirdparties
2022-11-05 08:30:36,653 [INFO] ThirdPartyUpdaterWithRetryManager:92 - Updater plugin is busy. [5/15]
2022-11-05 08:30:36,850 [INFO] FileExtend:235 - Unzip File : cube-finder-db.zip
2022-11-05 08:30:36,850 [INFO] FileExtend:250 - Standard Zip Deflate
2022-11-05 08:30:37,824 [INFO] LoadUrlFilesThread:145 - End of LoadUrlFiles Thread
2022-11-05 08:30:39,062 [INFO] ServerAccessManage:362 - Download File crdb.zip
2022-11-05 08:30:39,653 [WARN] MainUpdater:1122 - Updater busy. Cannot search thirdparties
2022-11-05 08:30:39,653 [INFO] ThirdPartyUpdaterWithRetryManager:92 - Updater plugin is busy. [6/15]
2022-11-05 08:30:40,502 [INFO] FileExtend:235 - Unzip File : crdb.zip
2022-11-05 08:30:40,502 [INFO] FileExtend:250 - Standard Zip Deflate
2022-11-05 08:30:40,646 [INFO] LoadUrlFilesThread:145 - End of LoadUrlFiles Thread
2022-11-05 08:30:40,729 [INFO] ServerAccessManage:362 - Download File tutoVideoDB.zip
2022-11-05 08:30:40,753 [INFO] FileExtend:235 - Unzip File : tutoVideoDB.zip
2022-11-05 08:30:40,753 [INFO] FileExtend:250 - Standard Zip Deflate
2022-11-05 08:30:40,870 [INFO] LoadUrlFilesThread:145 - End of LoadUrlFiles Thread
2022-11-05 08:30:40,870 [INFO] DbMcusAds:47 - JSON generation date=Thu Sep 30 13:56:37 ICT 2021 (1632984997303)
2022-11-05 08:30:40,898 [INFO] DbMcusDocs:143 - JSON generation date=Tue Nov 16 23:17:54 ICT 2021 (1637079474)
2022-11-05 08:30:40,916 [INFO] DbMcusXml:100 - Load MCU database from C:\ST\STM32CubeIDE_1.7.0\STM32CubeIDE\plugins\com.st.stm32cube.common.mx_6.3.0.202107141111\\db\/mcu/families.xml
2022-11-05 08:30:42,335 [INFO] DbMcusJson:93 - JSON generation date=Tue Nov 16 23:17:54 ICT 2021 (1637079474)
2022-11-05 08:30:42,927 [WARN] PackLoader:238 - Cannot read IP mode file for STMicroelectronics.X-CUBE-GNSS1.6.0.0
2022-11-05 08:30:43,007 [WARN] PackLoader:238 - Cannot read IP mode file for STMicroelectronics.X-CUBE-AZRTOS-F4.1.1.0
2022-11-05 08:30:43,035 [WARN] PackLoader:238 - Cannot read IP mode file for STMicroelectronics.X-CUBE-BLEMGR.1.2.0
2022-11-05 08:30:43,103 [WARN] PackLoader:238 - Cannot read IP mode file for STMicroelectronics.X-CUBE-AZRTOS-F7.1.1.0
2022-11-05 08:30:43,123 [WARN] PackLoader:238 - Cannot read IP mode file for STMicroelectronics.X-CUBE-BLE1.6.2.3
2022-11-05 08:30:43,143 [WARN] PackLoader:238 - Cannot read IP mode file for STMicroelectronics.X-CUBE-NFC4.2.0.4
2022-11-05 08:30:43,179 [WARN] PackLoader:238 - Cannot read IP mode file for STMicroelectronics.X-CUBE-TOF1.3.1.0
2022-11-05 08:30:43,224 [WARN] PackLoader:238 - Cannot read IP mode file for wolfSSL.I-CUBE-wolfSSL.5.5.0
2022-11-05 08:30:43,248 [WARN] PackLoader:238 - Cannot read IP mode file for STMicroelectronics.X-CUBE-NFC7.1.0.0
2022-11-05 08:30:43,336 [WARN] PackLoader:238 - Cannot read IP mode file for STMicroelectronics.X-CUBE-MEMS1.9.3.0
2022-11-05 08:30:43,476 [INFO] DbMcus:175 - Found 1951 MCUs (1903 are supported by CubeMX, 1914 are visible in CubeMX)
2022-11-05 08:30:43,495 [INFO] ApiDb:251 - Load user favorites file C:\Users\pc/.stm32cubeide/favorites.mcus.txt: 0 item(s)
2022-11-05 08:30:43,495 [INFO] ApiDb:255 - User favorites MCUs=[]
2022-11-05 08:30:43,495 [INFO] DbMcus:187 - Set 0 / 0 favorites MCUs
2022-11-05 08:30:43,666 [WARN] PackLoader:238 - Cannot read IP mode file for STMicroelectronics.X-CUBE-AI.7.2.0
2022-11-05 08:30:43,686 [WARN] PackLoader:238 - Cannot read IP mode file for STMicroelectronics.X-CUBE-SFXS2LP1.4.0.0
2022-11-05 08:30:43,702 [WARN] PackLoader:238 - Cannot read IP mode file for STMicroelectronics.X-CUBE-BLE2.3.3.0
2022-11-05 08:30:43,710 [WARN] PackLoader:238 - Cannot read IP mode file for STMicroelectronics.X-CUBE-DISPLAY.2.2.0
2022-11-05 08:30:43,758 [WARN] PackLoader:238 - Cannot read IP mode file for STMicroelectronics.X-CUBE-TOF1.3.2.0
2022-11-05 08:30:43,794 [WARN] PackLoader:238 - Cannot read IP mode file for STMicroelectronics.X-CUBE-ISPU.1.0.0
2022-11-05 08:30:43,818 [WARN] PackLoader:238 - Cannot read IP mode file for RoweBots.I-CUBE-UNISONRTOS.5.5.0-4
2022-11-05 08:30:43,886 [WARN] PackLoader:238 - Cannot read IP mode file for STMicroelectronics.X-CUBE-AZRTOS-H7.2.1.0
2022-11-05 08:30:43,910 [WARN] PackLoader:238 - Cannot read IP mode file for STMicroelectronics.X-CUBE-BLEMGR.1.0.0
2022-11-05 08:30:43,926 [WARN] PackLoader:238 - Cannot read IP mode file for STMicroelectronics.X-CUBE-AI.7.3.0
2022-11-05 08:30:43,942 [WARN] PackLoader:238 - Cannot read IP mode file for STMicroelectronics.X-CUBE-ALGOBUILD.1.3.0
2022-11-05 08:30:43,983 [WARN] PackLoader:238 - Cannot read IP mode file for STMicroelectronics.X-CUBE-AZRTOS-G0.1.1.0
2022-11-05 08:30:44,011 [WARN] PackLoader:238 - Cannot read IP mode file for STMicroelectronics.X-CUBE-SUBG2.5.0.0
2022-11-05 08:30:44,103 [WARN] PackLoader:238 - Cannot read IP mode file for SEGGER.I-CUBE-embOS.1.2.0
2022-11-05 08:30:44,188 [WARN] PackLoader:238 - Cannot read IP mode file for STMicroelectronics.FP-ATR-ASTRA1.1.1.1
2022-11-05 08:30:44,196 [INFO] DbMcusDocs:79 - Found 682 MCUs documents
2022-11-05 08:30:44,200 [INFO] ApiDb:276 - Save user favorites file C:\Users\pc/.stm32cubeide/favorites.mcus.txt: 0 item(s)
2022-11-05 08:30:44,200 [INFO] ApiDb:280 - User favorites MCUs=[]
2022-11-05 08:30:44,200 [INFO] DbMcusXml:100 - Load MCU database from C:\ST\STM32CubeIDE_1.7.0\STM32CubeIDE\plugins\com.st.stm32cube.common.mx_6.3.0.202107141111\\db\/mcu/families.xml
2022-11-05 08:30:44,228 [WARN] PackLoader:238 - Cannot read IP mode file for STMicroelectronics.X-CUBE-AZRTOS-G4.1.0.0
2022-11-05 08:30:44,244 [WARN] PackLoader:238 - Cannot read IP mode file for STMicroelectronics.FP-ATR-SIGFOX1.3.2.0
2022-11-05 08:30:44,284 [WARN] PackLoader:238 - Cannot read IP mode file for STMicroelectronics.X-CUBE-AZRTOS-L4.1.0.0
2022-11-05 08:30:44,304 [WARN] PackLoader:238 - Cannot read IP mode file for emotas.I-CUBE-CANOPEN.1.1.2
2022-11-05 08:30:44,316 [WARN] PackLoader:238 - Cannot read IP mode file for STMicroelectronics.X-CUBE-TOUCHGFX.4.20.0
2022-11-05 08:30:44,348 [WARN] PackLoader:238 - Cannot read IP mode file for STMicroelectronics.X-CUBE-AZRTOS-WL.1.0.0
2022-11-05 08:30:44,364 [WARN] PackLoader:238 - Cannot read IP mode file for portGmbH.I-Cube-SoM-uGOAL.1.1.0
2022-11-05 08:30:44,392 [WARN] PackLoader:238 - Cannot read IP mode file for STMicroelectronics.X-CUBE-ALS.1.0.1
2022-11-05 08:30:44,432 [WARN] PackLoader:238 - Cannot read IP mode file for STMicroelectronics.X-CUBE-AZRTOS-L5.1.0.0
2022-11-05 08:30:44,452 [WARN] PackLoader:238 - Cannot read IP mode file for STMicroelectronics.X-CUBE-EEPRMA1.3.1.1
2022-11-05 08:30:44,456 [INFO] ThirdParty:915 - Integrity check success = true
2022-11-05 08:30:44,456 [INFO] IntegrityCheckThread:94 - exiting critical section [integrity check]
2022-11-05 08:30:44,456 [INFO] IntegrityCheckThread:97 - End integrity checks thread
2022-11-05 08:30:45,301 [INFO] DbMcusJson:93 - JSON generation date=Tue Nov 16 23:17:54 ICT 2021 (1637079474)
2022-11-05 08:30:46,292 [INFO] DbMcus:175 - Found 1951 MCUs (1903 are supported by CubeMX, 1914 are visible in CubeMX)
2022-11-05 08:30:46,296 [INFO] ApiDb:251 - Load user favorites file C:\Users\pc/.stm32cubeide/favorites.mcus.txt: 0 item(s)
2022-11-05 08:30:46,296 [INFO] ApiDb:255 - User favorites MCUs=[]
2022-11-05 08:30:46,296 [INFO] DbMcus:187 - Set 0 / 0 favorites MCUs
2022-11-05 08:30:46,304 [INFO] DbBoardsDocs:143 - JSON generation date=Tue Nov 16 23:17:54 ICT 2021 (1637079474)
2022-11-05 08:30:46,340 [INFO] DbBoardsPdsc:90 - Found 25 items
2022-11-05 08:30:46,352 [INFO] DbBoardsPdsc:90 - Found 9 items
2022-11-05 08:30:46,364 [INFO] DbBoardsPdsc:90 - Found 33 items
2022-11-05 08:30:46,376 [INFO] DbBoardsPdsc:90 - Found 1 items
2022-11-05 08:30:46,392 [INFO] DbBoardsPdsc:90 - Found 48 items
2022-11-05 08:30:46,416 [INFO] DbBoardsPdsc:90 - Found 43 items
2022-11-05 08:30:46,423 [INFO] DbBoardsPdsc:90 - Found 2 items
2022-11-05 08:30:46,431 [INFO] DbBoardsPdsc:90 - Found 5 items
2022-11-05 08:30:46,443 [WARN] DbBoardsPdsc:254 - Board STM32H7B3I-DK: unknown feature type=Audio, name=, username=Audio stereo codec with Headphone Amp (CS42L51-CNZ), n=1
2022-11-05 08:30:46,443 [WARN] DbBoardsPdsc:254 - Board STM32H735G-DK: unknown feature type=Audio, name=, username=Audio stereo codec with Headphone Amp (WM8994ECS/R), n=1
2022-11-05 08:30:46,447 [WARN] DbBoardsPdsc:254 - Board STM32H7B3I-EVAL: unknown feature type=Audio, name=, username=Multi-Channel Audio Codec (CS42L51-CNZ), n=1
2022-11-05 08:30:46,447 [WARN] DbBoardsPdsc:254 - Board STM32H7B3I-EVAL: unknown feature type=Meter, name=, username=Power-metering and Temperature-monitoring with sigma-delta modulators, n=1
2022-11-05 08:30:46,447 [WARN] DbBoardsPdsc:254 - Board STM32H7B3I-EVAL: unknown feature type=Motor, name=, username=Motor Control, n=1
2022-11-05 08:30:46,447 [WARN] DbBoardsPdsc:254 - Board STM32U575I-EV: unknown feature type=joystick, name=, username=4-direction joystick with selection button, n=1
2022-11-05 08:30:46,471 [INFO] DbBoardsJson:86 - JSON generation date=Tue Nov 16 23:17:54 ICT 2021 (1637079474)
2022-11-05 08:30:46,479 [INFO] DbBoards:117 - Found 167 boards (163 are supported by CubeMX)
2022-11-05 08:30:46,483 [INFO] DbBoardsDocs:143 - JSON generation date=Tue Nov 16 23:17:54 ICT 2021 (1637079474)
2022-11-05 08:30:46,487 [INFO] DbBoardsDocs:79 - Found 209 boards documents
2022-11-05 08:30:46,491 [WARN] DbBoards:127 - board B-L475E-IOT01A2 has no document id list !
2022-11-05 08:30:46,491 [WARN] DbBoards:127 - board NUCLEO-H743ZI has no document id list !
2022-11-05 08:30:46,495 [WARN] DbBoards:127 - board NUCLEO-WL55JC2 has no document id list !
2022-11-05 08:30:46,495 [WARN] DbBoards:127 - board P-NUCLEO-WB55-Nucleo has no document id list !
2022-11-05 08:30:46,495 [WARN] DbBoards:127 - board P-NUCLEO-WB55-USBDongle has no document id list !
2022-11-05 08:30:46,495 [WARN] DbBoards:127 - board STEVAL-BFA001V1B has no document id list !
2022-11-05 08:30:46,495 [WARN] DbBoards:127 - board STEVAL-BFA001V2B has no document id list !
2022-11-05 08:30:46,495 [WARN] DbBoards:127 - board STEVAL-IDP005V1 has no document id list !
2022-11-05 08:30:46,495 [WARN] DbBoards:127 - board STEVAL-IDP005V2 has no document id list !
2022-11-05 08:30:46,495 [WARN] DbBoards:127 - board STEVAL-MKSBOX1V1 has no document id list !
2022-11-05 08:30:46,495 [WARN] DbBoards:127 - board STEVAL-STWINKT1 has no document id list !
2022-11-05 08:30:46,495 [WARN] DbBoards:127 - board STEVAL-STWINKT1B has no document id list !
2022-11-05 08:30:46,495 [WARN] DbBoards:127 - board STM32439I-EVAL2 has no document id list !
2022-11-05 08:30:46,495 [WARN] DbBoards:127 - board STM32F401C-DISCO has no document id list !
2022-11-05 08:30:46,495 [WARN] DbBoards:127 - board STM32F769I-DISC1 has no document id list !
2022-11-05 08:30:46,495 [WARN] DbBoards:127 - board STM32G474E-EVAL1 has no document id list !
2022-11-05 08:30:46,495 [WARN] DbBoards:127 - board STM32H743I-EVAL2 has no document id list !
2022-11-05 08:30:46,499 [WARN] DbBoards:127 - board STM32H747I-DISC1 has no document id list !
2022-11-05 08:30:46,499 [WARN] DbBoards:127 - board STM32H753I-EVAL2 has no document id list !
2022-11-05 08:30:46,499 [WARN] DbBoards:127 - board STM32L-DISCOVERY has no document id list !
2022-11-05 08:30:46,672 [ERROR] DbBoards:189 - Image file not found for board B-U585I-IOT02A: C:\ST\STM32CubeIDE_1.7.0\STM32CubeIDE\plugins\com.st.stm32cube.common.mx_6.3.0.202107141111\\db\/plugins/mcufinder/images/boards/B-U585I-IOT02A_small.jpg
2022-11-05 08:30:46,804 [ERROR] DbBoards:189 - Image file not found for board NUCLEO-F413ZH: C:\ST\STM32CubeIDE_1.7.0\STM32CubeIDE\plugins\com.st.stm32cube.common.mx_6.3.0.202107141111\\db\/plugins/mcufinder/images/boards/nucleo-f413zh_small.jpg
2022-11-05 08:30:47,000 [ERROR] DbBoards:189 - Image file not found for board NUCLEO-L552ZE-Q: C:\ST\STM32CubeIDE_1.7.0\STM32CubeIDE\plugins\com.st.stm32cube.common.mx_6.3.0.202107141111\\db\/plugins/mcufinder/images/boards/nucleo_l552ze_q_small.jpg
2022-11-05 08:30:47,000 [ERROR] DbBoards:189 - Image file not found for board NUCLEO-U575ZI-Q: C:\ST\STM32CubeIDE_1.7.0\STM32CubeIDE\plugins\com.st.stm32cube.common.mx_6.3.0.202107141111\\db\/plugins/mcufinder/images/boards/nucleo-u575zi-q_small.jpg
2022-11-05 08:30:47,000 [ERROR] DbBoards:189 - Image file not found for board NUCLEO-WB15CC: C:\ST\STM32CubeIDE_1.7.0\STM32CubeIDE\plugins\com.st.stm32cube.common.mx_6.3.0.202107141111\\db\/plugins/mcufinder/images/boards/nucleo-wb15cc_small.jpg
2022-11-05 08:30:47,000 [ERROR] DbBoards:189 - Image file not found for board NUCLEO-WB55RG: C:\ST\STM32CubeIDE_1.7.0\STM32CubeIDE\plugins\com.st.stm32cube.common.mx_6.3.0.202107141111\\db\/plugins/mcufinder/images/boards/nucleo-wb55rg_small.jpg
2022-11-05 08:30:48,260 [INFO] ApiDb:251 - Load user favorites file C:\Users\pc/.stm32cubeide/favorites.boards.txt: 0 item(s)
2022-11-05 08:30:48,260 [INFO] ApiDb:255 - User favorites Boards=[]
2022-11-05 08:30:48,260 [INFO] DbBoards:206 - Set 0 / 0 favorites Boards
2022-11-05 08:30:48,264 [INFO] DbBoardsDocs:79 - Found 418 boards documents
2022-11-05 08:30:48,264 [INFO] ApiDb:276 - Save user favorites file C:\Users\pc/.stm32cubeide/favorites.boards.txt: 0 item(s)
2022-11-05 08:30:48,264 [INFO] ApiDb:280 - User favorites Boards=[]
2022-11-05 08:30:48,268 [INFO] DbBoardsPdsc:90 - Found 25 items
2022-11-05 08:30:48,268 [INFO] DbBoardsPdsc:90 - Found 9 items
2022-11-05 08:30:48,272 [INFO] DbBoardsPdsc:90 - Found 33 items
2022-11-05 08:30:48,272 [INFO] DbBoardsPdsc:90 - Found 1 items
2022-11-05 08:30:48,280 [INFO] DbBoardsPdsc:90 - Found 48 items
2022-11-05 08:30:48,284 [INFO] DbBoardsPdsc:90 - Found 43 items
2022-11-05 08:30:48,288 [INFO] DbBoardsPdsc:90 - Found 2 items
2022-11-05 08:30:48,288 [INFO] DbBoardsPdsc:90 - Found 5 items
2022-11-05 08:30:48,292 [WARN] DbBoardsPdsc:254 - Board STM32H7B3I-DK: unknown feature type=Audio, name=, username=Audio stereo codec with Headphone Amp (CS42L51-CNZ), n=1
2022-11-05 08:30:48,292 [WARN] DbBoardsPdsc:254 - Board STM32H735G-DK: unknown feature type=Audio, name=, username=Audio stereo codec with Headphone Amp (WM8994ECS/R), n=1
2022-11-05 08:30:48,292 [WARN] DbBoardsPdsc:254 - Board STM32H7B3I-EVAL: unknown feature type=Audio, name=, username=Multi-Channel Audio Codec (CS42L51-CNZ), n=1
2022-11-05 08:30:48,292 [WARN] DbBoardsPdsc:254 - Board STM32H7B3I-EVAL: unknown feature type=Meter, name=, username=Power-metering and Temperature-monitoring with sigma-delta modulators, n=1
2022-11-05 08:30:48,292 [WARN] DbBoardsPdsc:254 - Board STM32H7B3I-EVAL: unknown feature type=Motor, name=, username=Motor Control, n=1
2022-11-05 08:30:48,292 [WARN] DbBoardsPdsc:254 - Board STM32U575I-EV: unknown feature type=joystick, name=, username=4-direction joystick with selection button, n=1
2022-11-05 08:30:48,312 [INFO] DbBoardsJson:86 - JSON generation date=Tue Nov 16 23:17:54 ICT 2021 (1637079474)
2022-11-05 08:30:48,316 [INFO] DbBoards:117 - Found 167 boards (163 are supported by CubeMX)
2022-11-05 08:30:48,316 [WARN] DbBoards:127 - board B-L475E-IOT01A2 has no document id list !
2022-11-05 08:30:48,316 [WARN] DbBoards:127 - board NUCLEO-H743ZI has no document id list !
2022-11-05 08:30:48,316 [WARN] DbBoards:127 - board NUCLEO-WL55JC2 has no document id list !
2022-11-05 08:30:48,316 [WARN] DbBoards:127 - board P-NUCLEO-WB55-Nucleo has no document id list !
2022-11-05 08:30:48,316 [WARN] DbBoards:127 - board P-NUCLEO-WB55-USBDongle has no document id list !
2022-11-05 08:30:48,316 [WARN] DbBoards:127 - board STEVAL-BFA001V1B has no document id list !
2022-11-05 08:30:48,316 [WARN] DbBoards:127 - board STEVAL-BFA001V2B has no document id list !
2022-11-05 08:30:48,316 [WARN] DbBoards:127 - board STEVAL-IDP005V1 has no document id list !
2022-11-05 08:30:48,316 [WARN] DbBoards:127 - board STEVAL-IDP005V2 has no document id list !
2022-11-05 08:30:48,316 [WARN] DbBoards:127 - board STEVAL-MKSBOX1V1 has no document id list !
2022-11-05 08:30:48,316 [WARN] DbBoards:127 - board STEVAL-STWINKT1 has no document id list !
2022-11-05 08:30:48,316 [WARN] DbBoards:127 - board STEVAL-STWINKT1B has no document id list !
2022-11-05 08:30:48,316 [WARN] DbBoards:127 - board STM32439I-EVAL2 has no document id list !
2022-11-05 08:30:48,316 [WARN] DbBoards:127 - board STM32F401C-DISCO has no document id list !
2022-11-05 08:30:48,316 [WARN] DbBoards:127 - board STM32F769I-DISC1 has no document id list !
2022-11-05 08:30:48,320 [WARN] DbBoards:127 - board STM32G474E-EVAL1 has no document id list !
2022-11-05 08:30:48,320 [WARN] DbBoards:127 - board STM32H743I-EVAL2 has no document id list !
2022-11-05 08:30:48,320 [WARN] DbBoards:127 - board STM32H747I-DISC1 has no document id list !
2022-11-05 08:30:48,320 [WARN] DbBoards:127 - board STM32H753I-EVAL2 has no document id list !
2022-11-05 08:30:48,320 [WARN] DbBoards:127 - board STM32L-DISCOVERY has no document id list !
2022-11-05 08:30:48,396 [ERROR] DbBoards:189 - Image file not found for board B-U585I-IOT02A: C:\ST\STM32CubeIDE_1.7.0\STM32CubeIDE\plugins\com.st.stm32cube.common.mx_6.3.0.202107141111\\db\/plugins/mcufinder/images/boards/B-U585I-IOT02A_small.jpg
2022-11-05 08:30:48,476 [ERROR] DbBoards:189 - Image file not found for board NUCLEO-F413ZH: C:\ST\STM32CubeIDE_1.7.0\STM32CubeIDE\plugins\com.st.stm32cube.common.mx_6.3.0.202107141111\\db\/plugins/mcufinder/images/boards/nucleo-f413zh_small.jpg
2022-11-05 08:30:48,672 [ERROR] DbBoards:189 - Image file not found for board NUCLEO-L552ZE-Q: C:\ST\STM32CubeIDE_1.7.0\STM32CubeIDE\plugins\com.st.stm32cube.common.mx_6.3.0.202107141111\\db\/plugins/mcufinder/images/boards/nucleo_l552ze_q_small.jpg
2022-11-05 08:30:48,672 [ERROR] DbBoards:189 - Image file not found for board NUCLEO-U575ZI-Q: C:\ST\STM32CubeIDE_1.7.0\STM32CubeIDE\plugins\com.st.stm32cube.common.mx_6.3.0.202107141111\\db\/plugins/mcufinder/images/boards/nucleo-u575zi-q_small.jpg
2022-11-05 08:30:48,672 [ERROR] DbBoards:189 - Image file not found for board NUCLEO-WB15CC: C:\ST\STM32CubeIDE_1.7.0\STM32CubeIDE\plugins\com.st.stm32cube.common.mx_6.3.0.202107141111\\db\/plugins/mcufinder/images/boards/nucleo-wb15cc_small.jpg
2022-11-05 08:30:48,672 [ERROR] DbBoards:189 - Image file not found for board NUCLEO-WB55RG: C:\ST\STM32CubeIDE_1.7.0\STM32CubeIDE\plugins\com.st.stm32cube.common.mx_6.3.0.202107141111\\db\/plugins/mcufinder/images/boards/nucleo-wb55rg_small.jpg
2022-11-05 08:30:49,477 [INFO] ApiDb:251 - Load user favorites file C:\Users\pc/.stm32cubeide/favorites.boards.txt: 0 item(s)
2022-11-05 08:30:49,477 [INFO] ApiDb:255 - User favorites Boards=[]
2022-11-05 08:30:49,477 [INFO] DbBoards:206 - Set 0 / 0 favorites Boards
2022-11-05 08:30:49,502 [INFO] LoadUrlFilesThread:172 - End of LoadServerUrlFiles without Thread
2022-11-05 08:30:49,502 [INFO] TargetSelectorAdapter:224 - Refresh data is successful
2022-11-05 08:30:49,617 [INFO] ApiDb:479 - Connected to CubeFinder SQLite database (C:\Users\pc\.stmcufinder\plugins\mcufinder\mcu\cube-finder-db.db)
2022-11-05 08:30:50,303 [INFO] DbExamplesSqlite:411 - Ignored 31 examples not supported by CubeIDE
2022-11-05 08:30:50,303 [INFO] DbExamplesSqlite:412 - Found 6197 examples active
2022-11-05 08:30:50,303 [INFO] DbExamplesSqlite:413 - Found 89 examples obsolete
2022-11-05 08:30:50,303 [INFO] DbExamplesSqlite:414 - Found 0 examples under development
2022-11-05 08:30:50,303 [INFO] DbExamplesSqlite:415 - Found 76 examples not building
2022-11-05 08:30:50,323 [INFO] DbExamplesSqlite:108 - CubeFinder database Data Model version=2.1
2022-11-05 08:30:50,323 [INFO] DbExamplesSqlite:109 - CubeFinder database Configuration version=3.0.32
2022-11-05 08:30:50,323 [INFO] DbExamplesSqlite:110 - CubeFinder database generation date=2022-08-05 (1659688109)
2022-11-05 08:30:50,323 [INFO] DbExamplesSqlite:111 - CubeFinder database FW Pack versions=[STM32Cube_FW_C0_V1.0.0, STM32Cube_FW_F4_V1.27.1, STM32Cube_FW_F7_V1.17.0, STM32Cube_FW_G0_V1.6.1, STM32Cube_FW_G4_V1.5.0, STM32Cube_FW_H7_V1.10.0, STM32Cube_FW_L5_V1.4.0, STM32Cube_FW_U5_V1.1.1, STM32Cube_FW_WB_V1.14.1, STM32Cube_FW_WL_V1.2.0, X-CUBE-ALGOBUILD_V1.3.0, X-CUBE-ALS_V1.0.1, X-CUBE-AZRTOS-F4_V1.1.0, X-CUBE-AZRTOS-F7_V1.1.0, X-CUBE-AZRTOS-G0_V1.1.0, X-CUBE-AZRTOS-G4_V1.0.0, X-CUBE-AZRTOS-H7_V2.1.0, X-CUBE-AZRTOS-L4_V1.0.0, X-CUBE-AZRTOS-L5_V1.0.0, X-CUBE-AZRTOS-WL_V1.0.0, X-CUBE-BLE1_V6.2.3, X-CUBE-BLE2_V3.3.0, X-CUBE-EEPRMA1_V3.1.1, X-CUBE-GNSS1_V6.0.0, X-CUBE-MEMS1_V9.1.0, X-CUBE-MEMS1_V9.3.0, X-CUBE-NFC4_V2.0.4, X-CUBE-NFC7_V1.0.0, X-CUBE-SFXS2LP1_V4.0.0, X-CUBE-SUBG2_V5.0.0]
2022-11-05 08:30:50,323 [INFO] DbExamples:130 - Found 6242 examples
2022-11-05 08:30:50,983 [ERROR] DbExamples:206 - Found 6242 examples with invalid data (board or MCU)
2022-11-05 08:30:50,983 [INFO] DbExamples:222 - Found 74 boards with related examples
2022-11-05 08:30:50,983 [INFO] DbExamples:235 - Found 0 MCUs with related examples
2022-11-05 08:30:51,002 [INFO] ApiDb:242 - User favorites file not found: C:\Users\pc/.stm32cubeide/favorites.examples.txt
2022-11-05 08:30:51,002 [INFO] DbExamples:256 - Set 0 / 0 favorites Examples
2022-11-05 08:30:51,298 [INFO] McuFinderGlobals:52 - Set McuFinderConnectedMode to false
2022-11-05 08:30:51,398 [INFO] CrossSelectorPresenter:1330 - Cross Selector saved comparison directory: C:\Users\pc\.stmcufinder\plugins\mcufinder\mcu\cs_comparisons_mx
2022-11-05 08:30:51,402 [INFO] MultiScanPanel:197 - Auto-refresh data requested => check proxy status ongoing
2022-11-05 08:30:51,406 [INFO] MultiScanPanel:201 - Proxy status is invalid
2022-11-05 08:30:51,406 [INFO] FinderPluginLoader:87 - Searching for filters in installed packs
2022-11-05 08:30:51,910 [INFO] DetailPanel:309 - Set advertising image to C:/Users/pc/STM32Cube/Repository/\en.Prom_NBSTM32U50921.jpg
2022-11-05 08:31:31,980 [INFO] MainUpdater:2671 - connection check result : 10
2022-11-05 08:31:31,980 [INFO] MainUpdater:2671 - connection check result : 10
2022-11-05 08:31:32,089 [INFO] MicroXplorer:448 - Change Database Path : 
2022-11-05 08:31:32,089 [INFO] MicroXplorer:478 - Change Database Version : DB.6.0.30
2022-11-05 08:31:32,089 [WARN] ThirdParty:813 - waiting for thirdparty lock release [close project]
2022-11-05 08:31:32,089 [INFO] ThirdParty:815 - entering critical section [close project]
2022-11-05 08:31:32,093 [INFO] ThirdParty:825 - exiting critical section [close project]
2022-11-05 08:31:32,101 [INFO] PinOutPanel:1463 - setPackage(No Configuration,No Configuration)
2022-11-05 08:31:32,105 [INFO] UtilMem:74 - Begin LoadConfig() Used Memory: 597022272 Bytes (756023296)
2022-11-05 08:31:32,109 [INFO] MicroXplorer:448 - Change Database Path : 
2022-11-05 08:31:32,109 [INFO] MicroXplorer:478 - Change Database Version : DB.6.0.30
2022-11-05 08:31:32,109 [INFO] OpenFileManager:313 - Change cursor
2022-11-05 08:31:34,055 [INFO] Context:592 - Trying to add GPIOservice into a context  which must be forbidden
2022-11-05 08:31:34,480 [WARN] ApiManager:304 - Cannot register API 'Board Extension:GNSS1A1' from pack STMicroelectronics.X-CUBE-GNSS1.6.0.0: no header file found
2022-11-05 08:31:34,480 [WARN] ApiManager:304 - Cannot register API 'Board Support:Custom' from pack STMicroelectronics.X-CUBE-GNSS1.6.0.0: no header file found
2022-11-05 08:31:34,480 [WARN] ApiManager:304 - Cannot register API 'Data Exchange:lib_gnss' from pack STMicroelectronics.X-CUBE-GNSS1.6.0.0: no header file found
2022-11-05 08:31:34,500 [WARN] ApiManager:304 - Cannot register API 'Wireless:BlueNRG-MS' from pack STMicroelectronics.X-CUBE-BLE1.6.2.3: no header file found
2022-11-05 08:31:34,504 [INFO] RtosManager:484 - Registered RTOS mode: class=CMSIS, group=RTOS, mode=CMSIS_V1, owner=FREERTOS
2022-11-05 08:31:34,504 [INFO] RtosManager:484 - Registered RTOS mode: class=CMSIS, group=RTOS2, mode=CMSIS_V2, owner=FREERTOS
2022-11-05 08:31:34,504 [INFO] RtosManager:484 - Registered RTOS mode: class=RTOS, group=Core, mode=CMSIS_V1, owner=FREERTOS
2022-11-05 08:31:34,504 [INFO] RtosManager:484 - Registered RTOS mode: class=RTOS, group=Core, mode=CMSIS_V2, owner=FREERTOS
2022-11-05 08:31:34,504 [WARN] ModelIntegratedComponent:181 - Missing modes for component STMicroelectronics:FreeRTOS:0.0.1:STMicroelectronics:RTOS:FreeRTOS:Core:::10.2.0:
2022-11-05 08:31:34,512 [WARN] ApiManager:304 - Cannot register API 'Board Extension:S2868A1' from pack STMicroelectronics.X-CUBE-SUBG2.5.0.0: no header file found
2022-11-05 08:31:34,512 [WARN] ApiManager:304 - Cannot register API 'Board Extension:S2868A2' from pack STMicroelectronics.X-CUBE-SUBG2.5.0.0: no header file found
2022-11-05 08:31:34,512 [WARN] ApiManager:304 - Cannot register API 'Board Extension:S2915A1' from pack STMicroelectronics.X-CUBE-SUBG2.5.0.0: no header file found
2022-11-05 08:31:34,521 [WARN] ApiManager:304 - Cannot register API 'Board Extension:NFC04A1' from pack STMicroelectronics.X-CUBE-NFC4.2.0.4: no header file found
2022-11-05 08:31:34,532 [WARN] ModelIntegratedComponent:60 - No mode defined for component null
2022-11-05 08:31:34,532 [WARN] ModelIntegratedComponent:60 - No mode defined for component null
2022-11-05 08:31:34,532 [WARN] ModelIntegratedComponent:60 - No mode defined for component null
2022-11-05 08:31:34,532 [WARN] ModelIntegratedComponent:60 - No mode defined for component null
2022-11-05 08:31:34,532 [WARN] ModelIntegratedComponent:60 - No mode defined for component null
2022-11-05 08:31:34,532 [WARN] ModelIntegratedComponent:60 - No mode defined for component null
2022-11-05 08:31:34,532 [WARN] ModelIntegratedComponent:60 - No mode defined for component null
2022-11-05 08:31:34,532 [WARN] ModelIntegratedComponent:60 - No mode defined for component null
2022-11-05 08:31:34,532 [WARN] ModelIntegratedComponent:60 - No mode defined for component null
2022-11-05 08:31:34,532 [WARN] ModelIntegratedComponent:60 - No mode defined for component null
2022-11-05 08:31:34,532 [WARN] ModelIntegratedComponent:60 - No mode defined for component null
2022-11-05 08:31:34,532 [WARN] ModelIntegratedComponent:60 - No mode defined for component null
2022-11-05 08:31:34,532 [WARN] ModelIntegratedComponent:60 - No mode defined for component null
2022-11-05 08:31:34,532 [WARN] ModelIntegratedComponent:60 - No mode defined for component null
2022-11-05 08:31:34,532 [WARN] ModelIntegratedComponent:60 - No mode defined for component null
2022-11-05 08:31:34,532 [WARN] ModelIntegratedComponent:60 - No mode defined for component null
2022-11-05 08:31:34,532 [WARN] ModelIntegratedComponent:60 - No mode defined for component null
2022-11-05 08:31:34,532 [WARN] ModelIntegratedComponent:60 - No mode defined for component null
2022-11-05 08:31:34,532 [WARN] ModelIntegratedComponent:60 - No mode defined for component null
2022-11-05 08:31:34,532 [WARN] ModelIntegratedComponent:60 - No mode defined for component null
2022-11-05 08:31:34,532 [WARN] ModelIntegratedComponent:60 - No mode defined for component null
2022-11-05 08:31:34,532 [WARN] ModelIntegratedComponent:60 - No mode defined for component null
2022-11-05 08:31:34,532 [WARN] ModelIntegratedComponent:60 - No mode defined for component null
2022-11-05 08:31:34,532 [WARN] ModelIntegratedComponent:60 - No mode defined for component null
2022-11-05 08:31:34,532 [WARN] ModelIntegratedComponent:60 - No mode defined for component null
2022-11-05 08:31:34,532 [WARN] ModelIntegratedComponent:60 - No mode defined for component null
2022-11-05 08:31:34,532 [WARN] ModelIntegratedComponent:60 - No mode defined for component null
2022-11-05 08:31:34,532 [WARN] ModelIntegratedComponent:60 - No mode defined for component null
2022-11-05 08:31:34,532 [WARN] ModelIntegratedComponent:60 - No mode defined for component null
2022-11-05 08:31:34,532 [WARN] ModelIntegratedComponent:60 - No mode defined for component null
2022-11-05 08:31:34,532 [WARN] ModelIntegratedComponent:60 - No mode defined for component null
2022-11-05 08:31:34,548 [WARN] ApiManager:304 - Cannot register API 'Board Extension:NFC07A1' from pack STMicroelectronics.X-CUBE-NFC7.1.0.0: no header file found
2022-11-05 08:31:34,849 [WARN] ApiManager:304 - Cannot register API 'Board Extension:IKS01A3' from pack STMicroelectronics.X-CUBE-MEMS1.9.3.0: no header file found
2022-11-05 08:31:34,849 [WARN] ApiManager:304 - Cannot register API 'Board Extension:IKS01A2' from pack STMicroelectronics.X-CUBE-MEMS1.9.3.0: no header file found
2022-11-05 08:31:34,849 [WARN] ApiManager:304 - Cannot register API 'Board Extension:IKS02A1' from pack STMicroelectronics.X-CUBE-MEMS1.9.3.0: no header file found
2022-11-05 08:31:34,861 [WARN] ApiManager:304 - Cannot register API 'Board Extension:EEPRMA1' from pack STMicroelectronics.X-CUBE-EEPRMA1.3.1.1: no header file found
2022-11-05 08:31:34,861 [WARN] ApiManager:304 - Cannot register API 'Board Extension:EEPRMA2' from pack STMicroelectronics.X-CUBE-EEPRMA1.3.1.1: no header file found
2022-11-05 08:31:34,861 [WARN] ApiManager:304 - Cannot register API 'Board Extension:S2868A1' from pack STMicroelectronics.X-CUBE-SFXS2LP1.4.0.0: no header file found
2022-11-05 08:31:34,861 [WARN] ApiManager:304 - Cannot register API 'Board Extension:S2868A2' from pack STMicroelectronics.X-CUBE-SFXS2LP1.4.0.0: no header file found
2022-11-05 08:31:34,861 [WARN] ApiManager:304 - Cannot register API 'Board Extension:S2915A1' from pack STMicroelectronics.X-CUBE-SFXS2LP1.4.0.0: no header file found
2022-11-05 08:31:34,861 [WARN] ApiManager:304 - Cannot register API 'Wireless:BlueNRG-2' from pack STMicroelectronics.X-CUBE-BLE2.3.3.0: no header file found
2022-11-05 08:31:37,896 [INFO] UtilMem:74 - End LoadConfig() Used Memory: 577533888 Bytes (756023296)
2022-11-05 08:31:37,904 [WARN] ThirdParty:779 - waiting for thirdparty lock release [change project]
2022-11-05 08:31:37,904 [INFO] ThirdParty:781 - entering critical section [change project]
2022-11-05 08:31:37,904 [INFO] ThirdParty:967 - CMSIS Pack Vendor :RoweBots I-CUBE-UNISONRTOS 5.5.0-4
2022-11-05 08:31:37,904 [INFO] ThirdParty:967 - CMSIS Pack Vendor :STMicroelectronics X-CUBE-GNSS1 6.0.0
2022-11-05 08:31:37,904 [INFO] ThirdParty:967 - CMSIS Pack Vendor :STMicroelectronics X-CUBE-AZRTOS-H7 2.1.0
2022-11-05 08:31:37,904 [INFO] ThirdParty:967 - CMSIS Pack Vendor :STMicroelectronics USB_HOST 2.0.0
2022-11-05 08:31:37,904 [INFO] ThirdParty:967 - CMSIS Pack Vendor :STMicroelectronics X-CUBE-AZRTOS-F4 1.1.0
2022-11-05 08:31:37,904 [INFO] ThirdParty:967 - CMSIS Pack Vendor :STMicroelectronics USB_DEVICE 3.0.0
2022-11-05 08:31:37,904 [INFO] ThirdParty:967 - CMSIS Pack Vendor :STMicroelectronics X-CUBE-BLEMGR 1.0.0
2022-11-05 08:31:37,904 [INFO] ThirdParty:967 - CMSIS Pack Vendor :STMicroelectronics X-CUBE-BLEMGR 1.2.0
2022-11-05 08:31:37,904 [INFO] ThirdParty:967 - CMSIS Pack Vendor :STMicroelectronics X-CUBE-AZRTOS-F7 1.1.0
2022-11-05 08:31:37,904 [INFO] ThirdParty:967 - CMSIS Pack Vendor :STMicroelectronics USB_DEVICE 2.0.0
2022-11-05 08:31:37,904 [INFO] ThirdParty:967 - CMSIS Pack Vendor :STMicroelectronics X-CUBE-AI 7.3.0
2022-11-05 08:31:37,904 [INFO] ThirdParty:967 - CMSIS Pack Vendor :STMicroelectronics X-CUBE-BLE1 6.2.3
2022-11-05 08:31:37,904 [INFO] ThirdParty:967 - CMSIS Pack Vendor :STMicroelectronics X-CUBE-ALGOBUILD 1.3.0
2022-11-05 08:31:37,904 [INFO] ThirdParty:967 - CMSIS Pack Vendor :STMicroelectronics FreeRTOS 0.0.1
2022-11-05 08:31:37,904 [INFO] ThirdParty:967 - CMSIS Pack Vendor :STMicroelectronics X-CUBE-AZRTOS-G0 1.1.0
2022-11-05 08:31:37,904 [INFO] ThirdParty:967 - CMSIS Pack Vendor :STMicroelectronics X-CUBE-SUBG2 5.0.0
2022-11-05 08:31:37,904 [INFO] ThirdParty:967 - CMSIS Pack Vendor :SEGGER I-CUBE-embOS 1.2.0
2022-11-05 08:31:37,908 [INFO] ThirdParty:967 - CMSIS Pack Vendor :STMicroelectronics lwIP 2.0.3
2022-11-05 08:31:37,908 [INFO] ThirdParty:967 - CMSIS Pack Vendor :STMicroelectronics X-CUBE-NFC4 2.0.4
2022-11-05 08:31:37,908 [INFO] ThirdParty:967 - CMSIS Pack Vendor :STMicroelectronics USB_HOST 1.0.0
2022-11-05 08:31:37,908 [INFO] ThirdParty:967 - CMSIS Pack Vendor :STMicroelectronics PDM2PCM 3.1.0
2022-11-05 08:31:37,908 [INFO] ThirdParty:967 - CMSIS Pack Vendor :STMicroelectronics FP-ATR-ASTRA1 1.1.1
2022-11-05 08:31:37,908 [INFO] ThirdParty:967 - CMSIS Pack Vendor :STMicroelectronics PDM2PCM 3.3.0
2022-11-05 08:31:37,908 [INFO] ThirdParty:967 - CMSIS Pack Vendor :STMicroelectronics X-CUBE-TOF1 3.1.0
2022-11-05 08:31:37,908 [INFO] ThirdParty:967 - CMSIS Pack Vendor :STMicroelectronics X-CUBE-AZRTOS-G4 1.0.0
2022-11-05 08:31:37,908 [INFO] ThirdParty:967 - CMSIS Pack Vendor :STMicroelectronics FP-ATR-SIGFOX1 3.2.0
2022-11-05 08:31:37,908 [INFO] ThirdParty:967 - CMSIS Pack Vendor :STMicroelectronics X-CUBE-AZRTOS-L4 1.0.0
2022-11-05 08:31:37,908 [INFO] ThirdParty:967 - CMSIS Pack Vendor :wolfSSL I-CUBE-wolfSSL 5.5.0
2022-11-05 08:31:37,908 [INFO] ThirdParty:967 - CMSIS Pack Vendor :STMicroelectronics HAL Drivers 0.0.0
2022-11-05 08:31:37,908 [INFO] ThirdParty:967 - CMSIS Pack Vendor :STMicroelectronics MBEDTLS 2.16.2
2022-11-05 08:31:37,908 [INFO] ThirdParty:967 - CMSIS Pack Vendor :emotas I-CUBE-CANOPEN 1.1.2
2022-11-05 08:31:37,908 [INFO] ThirdParty:967 - CMSIS Pack Vendor :STMicroelectronics X-CUBE-TOUCHGFX 4.20.0
2022-11-05 08:31:37,908 [INFO] ThirdParty:967 - CMSIS Pack Vendor :STMicroelectronics MBEDTLS 2.14.1
2022-11-05 08:31:37,908 [INFO] ThirdParty:967 - CMSIS Pack Vendor :STMicroelectronics X-CUBE-NFC7 1.0.0
2022-11-05 08:31:37,908 [INFO] ThirdParty:967 - CMSIS Pack Vendor :STMicroelectronics X-CUBE-AZRTOS-WL 1.0.0
2022-11-05 08:31:37,908 [INFO] ThirdParty:967 - CMSIS Pack Vendor :STMicroelectronics X-CUBE-MEMS1 9.3.0
2022-11-05 08:31:37,908 [INFO] ThirdParty:967 - CMSIS Pack Vendor :portGmbH I-Cube-SoM-uGOAL 1.1.0
2022-11-05 08:31:37,908 [INFO] ThirdParty:967 - CMSIS Pack Vendor :STMicroelectronics X-CUBE-ALS 1.0.1
2022-11-05 08:31:37,908 [INFO] ThirdParty:967 - CMSIS Pack Vendor :STMicroelectronics X-CUBE-AI 7.2.0
2022-11-05 08:31:37,908 [INFO] ThirdParty:967 - CMSIS Pack Vendor :STMicroelectronics X-CUBE-AZRTOS-L5 1.0.0
2022-11-05 08:31:37,908 [INFO] ThirdParty:967 - CMSIS Pack Vendor :STMicroelectronics USB_DEVICE 1.0.0
2022-11-05 08:31:37,908 [INFO] ThirdParty:967 - CMSIS Pack Vendor :STMicroelectronics X-CUBE-EEPRMA1 3.1.1
2022-11-05 08:31:37,908 [INFO] ThirdParty:967 - CMSIS Pack Vendor :STMicroelectronics ThreadX 0.0.2
2022-11-05 08:31:37,908 [INFO] ThirdParty:967 - CMSIS Pack Vendor :STMicroelectronics lwIP 2.1.2
2022-11-05 08:31:37,908 [INFO] ThirdParty:967 - CMSIS Pack Vendor :STMicroelectronics X-CUBE-SFXS2LP1 4.0.0
2022-11-05 08:31:37,908 [INFO] ThirdParty:967 - CMSIS Pack Vendor :STMicroelectronics X-CUBE-BLE2 3.3.0
2022-11-05 08:31:37,908 [INFO] ThirdParty:967 - CMSIS Pack Vendor :STMicroelectronics X-CUBE-DISPLAY 2.2.0
2022-11-05 08:31:37,908 [INFO] ThirdParty:967 - CMSIS Pack Vendor :STMicroelectronics X-CUBE-TOF1 3.2.0
2022-11-05 08:31:37,908 [INFO] ThirdParty:967 - CMSIS Pack Vendor :STMicroelectronics PDM2PCM 3.2.0
2022-11-05 08:31:37,908 [INFO] ThirdParty:967 - CMSIS Pack Vendor :STMicroelectronics X-CUBE-ISPU 1.0.0
2022-11-05 08:31:37,908 [INFO] ThirdParty:787 - exiting critical section [change project]
2022-11-05 08:31:38,200 [INFO] PinOutPanel:1463 - setPackage(No Configuration,No Configuration)
2022-11-05 08:31:38,200 [INFO] PinOutPanel:1463 - setPackage(STM32F103C6Ux,UFQFPN48)
2022-11-05 08:31:38,708 [INFO] UtilMem:74 - Before build in PCC Used Memory: 573038336 Bytes (756023296)
2022-11-05 08:31:39,535 [INFO] UtilMem:74 - After build in PCC Used Memory: 561114560 Bytes (756023296)
2022-11-05 08:31:39,571 [INFO] IPUIPlugin:74 - create IPUIPlugin
2022-11-05 08:31:39,571 [INFO] IPUIPlugin:74 - create IPUIPlugin
2022-11-05 08:31:39,571 [INFO] IPUIPlugin:74 - create IPUIPlugin
2022-11-05 08:31:39,571 [INFO] IPUIPlugin:74 - create IPUIPlugin
2022-11-05 08:31:39,571 [INFO] IPUIPlugin:74 - create IPUIPlugin
2022-11-05 08:31:39,571 [INFO] IPUIPlugin:74 - create IPUIPlugin
2022-11-05 08:31:39,571 [INFO] IPUIPlugin:74 - create IPUIPlugin
2022-11-05 08:31:39,571 [INFO] IPUIPlugin:74 - create IPUIPlugin
2022-11-05 08:31:39,571 [INFO] IPUIPlugin:74 - create IPUIPlugin
2022-11-05 08:31:39,571 [INFO] IPUIPlugin:74 - create IPUIPlugin
2022-11-05 08:31:39,571 [INFO] IPUIPlugin:74 - create IPUIPlugin
2022-11-05 08:31:39,571 [INFO] IPUIPlugin:74 - create IPUIPlugin
2022-11-05 08:31:39,571 [INFO] IPUIPlugin:74 - create IPUIPlugin
2022-11-05 08:31:39,571 [INFO] IPUIPlugin:74 - create IPUIPlugin
2022-11-05 08:31:39,575 [INFO] IPUIPlugin:74 - create IPUIPlugin
2022-11-05 08:31:39,575 [INFO] IPUIPlugin:74 - create IPUIPlugin
2022-11-05 08:31:39,575 [INFO] IPUIPlugin:74 - create IPUIPlugin
2022-11-05 08:31:39,575 [INFO] IPUIPlugin:74 - create IPUIPlugin
2022-11-05 08:31:39,575 [INFO] IPUIPlugin:74 - create IPUIPlugin
2022-11-05 08:31:39,575 [INFO] IPUIPlugin:74 - create IPUIPlugin
2022-11-05 08:31:39,575 [INFO] IPUIPlugin:74 - create IPUIPlugin
2022-11-05 08:31:39,575 [INFO] IPUIPlugin:74 - create IPUIPlugin
2022-11-05 08:31:39,575 [INFO] IPUIPlugin:74 - create IPUIPlugin
2022-11-05 08:31:39,761 [INFO] OpenFileManager:333 - Restore cursor
2022-11-05 08:31:40,121 [INFO] UtilMem:74 - End SaveConfig() Used Memory: 625668872 Bytes (756023296)
2022-11-05 08:31:40,177 [INFO] UtilMem:74 - End SaveConfig() Used Memory: 634524680 Bytes (756023296)
2022-11-05 08:31:40,531 [INFO] BlockDiagram:2740 - set Specific Code input for plugin: NVIC
2022-11-05 08:31:40,531 [INFO] BlockDiagram:2740 - set Specific Code input for plugin: SYS
2022-11-05 08:31:40,531 [INFO] BlockDiagram:2740 - set Specific Code input for plugin: GPIO
2022-11-05 08:31:40,531 [INFO] BlockDiagram:2740 - set Specific Code input for plugin: RCC
2022-11-05 08:31:40,531 [INFO] BlockDiagram:2740 - set Specific Code input for plugin: TIM1_8F1
2022-11-05 08:31:40,535 [INFO] CodeGenerator:663 - code generatio: config db path: C:\ST\STM32CubeIDE_1.7.0\STM32CubeIDE\plugins\com.st.stm32cube.common.mx_6.3.0.202107141111\\db\
2022-11-05 08:31:40,970 [INFO] CodeEngine:239 - oldGeneratedFile, D:\MCU_LAB\Midterm\midterm\MXTmpFiles\license.tmp_save
2022-11-05 08:31:41,394 [INFO] CodeEngine:257 - Generated code: D:\MCU_LAB\Midterm\midterm\MXTmpFiles\license.tmp
2022-11-05 08:31:41,598 [INFO] CodeEngine:239 - oldGeneratedFile, D:\MCU_LAB\Midterm\midterm\MXTmpFiles\gpio.tmp_save
2022-11-05 08:31:41,695 [INFO] CodeEngine:257 - Generated code: D:\MCU_LAB\Midterm\midterm\MXTmpFiles\gpio.tmp
2022-11-05 08:31:41,960 [INFO] CodeEngine:239 - oldGeneratedFile, D:\MCU_LAB\Midterm\midterm\Core\Src\stm32f1xx_it.c_save
2022-11-05 08:31:42,087 [INFO] CodeEngine:257 - Generated code: D:\MCU_LAB\Midterm\midterm\Core\Src\stm32f1xx_it.c
2022-11-05 08:31:42,101 [INFO] CodeEngine:239 - oldGeneratedFile, D:\MCU_LAB\Midterm\midterm\Core\Inc\stm32f1xx_it.h_save
2022-11-05 08:31:42,165 [INFO] CodeEngine:257 - Generated code: D:\MCU_LAB\Midterm\midterm\Core\Inc\stm32f1xx_it.h
2022-11-05 08:31:42,185 [INFO] CodeEngine:239 - oldGeneratedFile, D:\MCU_LAB\Midterm\midterm\Core\Src\stm32f1xx_hal_msp.c_save
2022-11-05 08:31:42,293 [INFO] CodeEngine:257 - Generated code: D:\MCU_LAB\Midterm\midterm\Core\Src\stm32f1xx_hal_msp.c
2022-11-05 08:31:42,318 [INFO] CodeEngine:239 - oldGeneratedFile, D:\MCU_LAB\Midterm\midterm\MXTmpFiles\system.tmp_save
2022-11-05 08:31:42,378 [INFO] CodeEngine:257 - Generated code: D:\MCU_LAB\Midterm\midterm\MXTmpFiles\system.tmp
2022-11-05 08:31:42,386 [INFO] CodeEngine:239 - oldGeneratedFile, D:\MCU_LAB\Midterm\midterm\Core\Inc\stm32f1xx_hal_conf.h_save
2022-11-05 08:31:42,563 [INFO] CodeEngine:257 - Generated code: D:\MCU_LAB\Midterm\midterm\Core\Inc\stm32f1xx_hal_conf.h
2022-11-05 08:31:42,587 [WARN] IPConfigManager:3148 - IP not found : TIM
2022-11-05 08:31:42,608 [WARN] CodeGenerator:3268 - IP not found : null
2022-11-05 08:31:42,620 [INFO] CodeEngine:239 - oldGeneratedFile, D:\MCU_LAB\Midterm\midterm\Core\Inc\main.h_save
2022-11-05 08:31:42,742 [INFO] CodeEngine:257 - Generated code: D:\MCU_LAB\Midterm\midterm\Core\Inc\main.h
2022-11-05 08:31:42,756 [INFO] CodeEngine:239 - oldGeneratedFile, D:\MCU_LAB\Midterm\midterm\Core\Src\main.c_save
2022-11-05 08:31:42,881 [INFO] CodeEngine:257 - Generated code: D:\MCU_LAB\Midterm\midterm\Core\Src\main.c
2022-11-05 08:31:44,438 [INFO] ProjectBuilder:2578 - Time for Copy HAL[1] : 530mS.
2022-11-05 08:31:44,444 [INFO] ProjectBuilder:3622 - Project Generator version: 3.14.1
2022-11-05 08:31:45,027 [INFO] ConfigFileManager:1271 - The Die is : DIE412
2022-11-05 08:31:45,047 [INFO] ApiDbMcu:468 - Load IP Config File for FATFS
2022-11-05 08:31:45,083 [INFO] ApiDbMcu:468 - Load IP Config File for FREERTOS
2022-11-05 08:31:45,115 [INFO] ApiDbMcu:468 - Load IP Config File for USB_DEVICE
2022-11-05 08:31:53,305 [INFO] ProjectBuilder:3789 - Time for Generating toolchain IDE Files: 8861mS.
2022-11-05 08:31:53,305 [INFO] ProjectBuilder:2457 - Time for Copy CMSIS : 0mS.
2022-11-05 08:31:53,310 [INFO] ProjectBuilder:2457 - Time for Copy CMSIS : 0mS.
2022-11-05 08:31:55,384 [INFO] McuFinderGlobals:52 - Set McuFinderConnectedMode to true
2022-11-05 08:31:55,384 [INFO] ApiDb:276 - Save user favorites file C:\Users\pc/.stm32cubeide/favorites.mcus.txt: 0 item(s)
2022-11-05 08:31:55,384 [INFO] ApiDb:280 - User favorites MCUs=[]
2022-11-05 08:32:28,131 [INFO] NvicIntPanel:96 - NVIC parent = com.st.microxplorer.plugins.ip.nvic.MultiNvicIntPanel[,0,0,0x0,invalid,layout=javax.swing.BoxLayout,alignmentX=0.0,alignmentY=0.0,border=,flags=9,maximumSize=,minimumSize=,preferredSize=]
2022-11-05 08:32:44,623 [INFO] Gpio:254 - dependency for GPIO []
2022-11-05 09:26:15,581 [INFO] Gpio:254 - dependency for GPIO []
2022-11-05 09:26:17,519 [INFO] Gpio:254 - dependency for GPIO []
2022-11-05 09:26:18,910 [INFO] Gpio:254 - dependency for GPIO []
2022-11-05 09:26:20,785 [INFO] Gpio:254 - dependency for GPIO []
2022-11-05 09:26:26,104 [INFO] Gpio:254 - dependency for GPIO []
2022-11-05 09:26:28,265 [INFO] Gpio:254 - dependency for GPIO []
2022-11-05 09:26:30,204 [INFO] Gpio:254 - dependency for GPIO []
2022-11-05 09:26:31,907 [INFO] Gpio:254 - dependency for GPIO []
2022-11-05 09:26:34,190 [INFO] Gpio:254 - dependency for GPIO []
2022-11-05 09:26:38,004 [INFO] Gpio:254 - dependency for GPIO []
2022-11-05 09:27:00,094 [INFO] UtilMem:74 - End SaveConfig() Used Memory: 867327616 Bytes (1073741824)
2022-11-05 09:27:01,377 [INFO] UtilMem:74 - End SaveConfig() Used Memory: 884944336 Bytes (1073741824)
2022-11-05 09:27:06,025 [INFO] UtilMem:74 - End SaveConfig() Used Memory: 708445120 Bytes (1073741824)
2022-11-05 09:27:06,698 [INFO] BlockDiagram:2740 - set Specific Code input for plugin: NVIC
2022-11-05 09:27:06,698 [INFO] BlockDiagram:2740 - set Specific Code input for plugin: SYS
2022-11-05 09:27:06,698 [INFO] BlockDiagram:2740 - set Specific Code input for plugin: GPIO
2022-11-05 09:27:06,698 [INFO] BlockDiagram:2740 - set Specific Code input for plugin: RCC
2022-11-05 09:27:06,698 [INFO] BlockDiagram:2740 - set Specific Code input for plugin: TIM1_8F1
2022-11-05 09:27:06,713 [INFO] CodeGenerator:663 - code generatio: config db path: C:\ST\STM32CubeIDE_1.7.0\STM32CubeIDE\plugins\com.st.stm32cube.common.mx_6.3.0.202107141111\\db\
2022-11-05 09:27:07,182 [INFO] CodeEngine:239 - oldGeneratedFile, D:\MCU_LAB\Midterm\midterm\MXTmpFiles\license.tmp_save
2022-11-05 09:27:07,464 [INFO] CodeEngine:257 - Generated code: D:\MCU_LAB\Midterm\midterm\MXTmpFiles\license.tmp
2022-11-05 09:27:07,545 [INFO] CodeEngine:239 - oldGeneratedFile, D:\MCU_LAB\Midterm\midterm\MXTmpFiles\gpio.tmp_save
2022-11-05 09:27:07,669 [INFO] CodeEngine:257 - Generated code: D:\MCU_LAB\Midterm\midterm\MXTmpFiles\gpio.tmp
2022-11-05 09:27:07,856 [INFO] CodeEngine:239 - oldGeneratedFile, D:\MCU_LAB\Midterm\midterm\Core\Src\stm32f1xx_it.c_save
2022-11-05 09:27:08,217 [INFO] CodeEngine:257 - Generated code: D:\MCU_LAB\Midterm\midterm\Core\Src\stm32f1xx_it.c
2022-11-05 09:27:08,253 [INFO] CodeEngine:239 - oldGeneratedFile, D:\MCU_LAB\Midterm\midterm\Core\Inc\stm32f1xx_it.h_save
2022-11-05 09:27:08,444 [INFO] CodeEngine:257 - Generated code: D:\MCU_LAB\Midterm\midterm\Core\Inc\stm32f1xx_it.h
2022-11-05 09:27:08,493 [INFO] CodeEngine:239 - oldGeneratedFile, D:\MCU_LAB\Midterm\midterm\Core\Src\stm32f1xx_hal_msp.c_save
2022-11-05 09:27:08,667 [INFO] CodeEngine:257 - Generated code: D:\MCU_LAB\Midterm\midterm\Core\Src\stm32f1xx_hal_msp.c
2022-11-05 09:27:08,701 [INFO] CodeEngine:239 - oldGeneratedFile, D:\MCU_LAB\Midterm\midterm\MXTmpFiles\system.tmp_save
2022-11-05 09:27:08,777 [INFO] CodeEngine:257 - Generated code: D:\MCU_LAB\Midterm\midterm\MXTmpFiles\system.tmp
2022-11-05 09:27:08,809 [INFO] CodeEngine:239 - oldGeneratedFile, D:\MCU_LAB\Midterm\midterm\Core\Inc\stm32f1xx_hal_conf.h_save
2022-11-05 09:27:08,945 [INFO] CodeEngine:257 - Generated code: D:\MCU_LAB\Midterm\midterm\Core\Inc\stm32f1xx_hal_conf.h
2022-11-05 09:27:08,976 [WARN] IPConfigManager:3148 - IP not found : TIM
2022-11-05 09:27:08,976 [WARN] CodeGenerator:3268 - IP not found : null
2022-11-05 09:27:09,008 [INFO] CodeEngine:239 - oldGeneratedFile, D:\MCU_LAB\Midterm\midterm\Core\Inc\main.h_save
2022-11-05 09:27:09,305 [INFO] CodeEngine:257 - Generated code: D:\MCU_LAB\Midterm\midterm\Core\Inc\main.h
2022-11-05 09:27:09,337 [INFO] CodeEngine:239 - oldGeneratedFile, D:\MCU_LAB\Midterm\midterm\Core\Src\main.c_save
2022-11-05 09:27:09,556 [INFO] CodeEngine:257 - Generated code: D:\MCU_LAB\Midterm\midterm\Core\Src\main.c
2022-11-05 09:27:10,983 [INFO] ProjectBuilder:2578 - Time for Copy HAL[1] : 281mS.
2022-11-05 09:27:10,983 [INFO] ProjectBuilder:3622 - Project Generator version: 3.14.1
2022-11-05 09:27:11,812 [INFO] ConfigFileManager:1271 - The Die is : DIE412
2022-11-05 09:27:14,830 [INFO] ProjectBuilder:3789 - Time for Generating toolchain IDE Files: 3847mS.
2022-11-05 09:27:14,830 [INFO] ProjectBuilder:2457 - Time for Copy CMSIS : 0mS.
2022-11-05 09:27:14,846 [INFO] ProjectBuilder:2457 - Time for Copy CMSIS : 0mS.
2022-11-05 11:04:11,308 [INFO] Gpio:254 - dependency for GPIO []
2022-11-05 11:04:12,809 [INFO] Gpio:254 - dependency for GPIO []
2022-11-05 11:04:14,654 [INFO] Gpio:254 - dependency for GPIO []
2022-11-05 11:04:18,112 [INFO] Gpio:254 - dependency for GPIO []
2022-11-05 11:04:22,976 [INFO] Gpio:254 - dependency for GPIO []
2022-11-05 11:04:24,524 [INFO] Gpio:254 - dependency for GPIO []
2022-11-05 11:05:05,454 [INFO] UtilMem:74 - End SaveConfig() Used Memory: 707017416 Bytes (1073741824)
2022-11-05 11:05:07,612 [INFO] UtilMem:74 - End SaveConfig() Used Memory: 730088136 Bytes (1073741824)
2022-11-05 11:05:08,911 [INFO] UtilMem:74 - End SaveConfig() Used Memory: 780139256 Bytes (1073741824)
2022-11-05 11:05:09,176 [INFO] BlockDiagram:2740 - set Specific Code input for plugin: NVIC
2022-11-05 11:05:09,176 [INFO] BlockDiagram:2740 - set Specific Code input for plugin: SYS
2022-11-05 11:05:09,176 [INFO] BlockDiagram:2740 - set Specific Code input for plugin: GPIO
2022-11-05 11:05:09,176 [INFO] BlockDiagram:2740 - set Specific Code input for plugin: RCC
2022-11-05 11:05:09,176 [INFO] BlockDiagram:2740 - set Specific Code input for plugin: TIM1_8F1
2022-11-05 11:05:09,176 [INFO] CodeGenerator:663 - code generatio: config db path: C:\ST\STM32CubeIDE_1.7.0\STM32CubeIDE\plugins\com.st.stm32cube.common.mx_6.3.0.202107141111\\db\
2022-11-05 11:05:09,536 [INFO] CodeEngine:239 - oldGeneratedFile, D:\MCU_LAB\Midterm\midterm\MXTmpFiles\license.tmp_save
2022-11-05 11:05:09,598 [INFO] CodeEngine:257 - Generated code: D:\MCU_LAB\Midterm\midterm\MXTmpFiles\license.tmp
2022-11-05 11:05:09,614 [INFO] CodeEngine:239 - oldGeneratedFile, D:\MCU_LAB\Midterm\midterm\MXTmpFiles\gpio.tmp_save
2022-11-05 11:05:09,685 [INFO] CodeEngine:257 - Generated code: D:\MCU_LAB\Midterm\midterm\MXTmpFiles\gpio.tmp
2022-11-05 11:05:09,724 [INFO] CodeEngine:239 - oldGeneratedFile, D:\MCU_LAB\Midterm\midterm\Core\Src\stm32f1xx_it.c_save
2022-11-05 11:05:09,865 [INFO] CodeEngine:257 - Generated code: D:\MCU_LAB\Midterm\midterm\Core\Src\stm32f1xx_it.c
2022-11-05 11:05:09,880 [INFO] CodeEngine:239 - oldGeneratedFile, D:\MCU_LAB\Midterm\midterm\Core\Inc\stm32f1xx_it.h_save
2022-11-05 11:05:09,974 [INFO] CodeEngine:257 - Generated code: D:\MCU_LAB\Midterm\midterm\Core\Inc\stm32f1xx_it.h
2022-11-05 11:05:09,990 [INFO] CodeEngine:239 - oldGeneratedFile, D:\MCU_LAB\Midterm\midterm\Core\Src\stm32f1xx_hal_msp.c_save
2022-11-05 11:05:10,084 [INFO] CodeEngine:257 - Generated code: D:\MCU_LAB\Midterm\midterm\Core\Src\stm32f1xx_hal_msp.c
2022-11-05 11:05:10,084 [INFO] CodeEngine:239 - oldGeneratedFile, D:\MCU_LAB\Midterm\midterm\MXTmpFiles\system.tmp_save
2022-11-05 11:05:10,150 [INFO] CodeEngine:257 - Generated code: D:\MCU_LAB\Midterm\midterm\MXTmpFiles\system.tmp
2022-11-05 11:05:10,162 [INFO] CodeEngine:239 - oldGeneratedFile, D:\MCU_LAB\Midterm\midterm\Core\Inc\stm32f1xx_hal_conf.h_save
2022-11-05 11:05:10,240 [INFO] CodeEngine:257 - Generated code: D:\MCU_LAB\Midterm\midterm\Core\Inc\stm32f1xx_hal_conf.h
2022-11-05 11:05:10,240 [WARN] IPConfigManager:3148 - IP not found : TIM
2022-11-05 11:05:10,240 [WARN] CodeGenerator:3268 - IP not found : null
2022-11-05 11:05:10,256 [INFO] CodeEngine:239 - oldGeneratedFile, D:\MCU_LAB\Midterm\midterm\Core\Inc\main.h_save
2022-11-05 11:05:10,334 [INFO] CodeEngine:257 - Generated code: D:\MCU_LAB\Midterm\midterm\Core\Inc\main.h
2022-11-05 11:05:10,350 [INFO] CodeEngine:239 - oldGeneratedFile, D:\MCU_LAB\Midterm\midterm\Core\Src\main.c_save
2022-11-05 11:05:10,459 [INFO] CodeEngine:257 - Generated code: D:\MCU_LAB\Midterm\midterm\Core\Src\main.c
2022-11-05 11:05:11,241 [INFO] ProjectBuilder:2578 - Time for Copy HAL[1] : 141mS.
2022-11-05 11:05:11,241 [INFO] ProjectBuilder:3622 - Project Generator version: 3.14.1
2022-11-05 11:05:11,695 [INFO] ConfigFileManager:1271 - The Die is : DIE412
2022-11-05 11:05:13,665 [INFO] ProjectBuilder:3789 - Time for Generating toolchain IDE Files: 2424mS.
2022-11-05 11:05:13,665 [INFO] ProjectBuilder:2457 - Time for Copy CMSIS : 0mS.
2022-11-05 11:05:13,665 [INFO] ProjectBuilder:2457 - Time for Copy CMSIS : 0mS.
2022-11-05 11:06:19,321 [INFO] Gpio:254 - dependency for GPIO []
2022-11-05 11:06:20,994 [INFO] Gpio:254 - dependency for GPIO []
2022-11-05 11:06:22,402 [INFO] Gpio:254 - dependency for GPIO []
2022-11-05 11:06:25,918 [INFO] Gpio:254 - dependency for GPIO []
2022-11-05 11:06:27,820 [INFO] Gpio:254 - dependency for GPIO []
2022-11-05 11:06:30,172 [INFO] Gpio:254 - dependency for GPIO []
2022-11-05 11:07:01,305 [INFO] UtilMem:74 - End SaveConfig() Used Memory: 771076968 Bytes (1073741824)
2022-11-05 11:07:02,383 [INFO] UtilMem:74 - End SaveConfig() Used Memory: 800363880 Bytes (1073741824)
2022-11-05 11:07:03,680 [INFO] UtilMem:74 - End SaveConfig() Used Memory: 863278440 Bytes (1073741824)
2022-11-05 11:07:03,977 [INFO] BlockDiagram:2740 - set Specific Code input for plugin: NVIC
2022-11-05 11:07:03,977 [INFO] BlockDiagram:2740 - set Specific Code input for plugin: SYS
2022-11-05 11:07:03,977 [INFO] BlockDiagram:2740 - set Specific Code input for plugin: GPIO
2022-11-05 11:07:03,977 [INFO] BlockDiagram:2740 - set Specific Code input for plugin: RCC
2022-11-05 11:07:03,977 [INFO] BlockDiagram:2740 - set Specific Code input for plugin: TIM1_8F1
2022-11-05 11:07:03,977 [INFO] CodeGenerator:663 - code generatio: config db path: C:\ST\STM32CubeIDE_1.7.0\STM32CubeIDE\plugins\com.st.stm32cube.common.mx_6.3.0.202107141111\\db\
2022-11-05 11:07:04,305 [INFO] CodeEngine:239 - oldGeneratedFile, D:\MCU_LAB\Midterm\midterm\MXTmpFiles\license.tmp_save
2022-11-05 11:07:04,368 [INFO] CodeEngine:257 - Generated code: D:\MCU_LAB\Midterm\midterm\MXTmpFiles\license.tmp
2022-11-05 11:07:04,399 [INFO] CodeEngine:239 - oldGeneratedFile, D:\MCU_LAB\Midterm\midterm\MXTmpFiles\gpio.tmp_save
2022-11-05 11:07:04,462 [INFO] CodeEngine:257 - Generated code: D:\MCU_LAB\Midterm\midterm\MXTmpFiles\gpio.tmp
2022-11-05 11:07:04,524 [INFO] CodeEngine:239 - oldGeneratedFile, D:\MCU_LAB\Midterm\midterm\Core\Src\stm32f1xx_it.c_save
2022-11-05 11:07:04,743 [INFO] CodeEngine:257 - Generated code: D:\MCU_LAB\Midterm\midterm\Core\Src\stm32f1xx_it.c
2022-11-05 11:07:04,759 [INFO] CodeEngine:239 - oldGeneratedFile, D:\MCU_LAB\Midterm\midterm\Core\Inc\stm32f1xx_it.h_save
2022-11-05 11:07:04,853 [INFO] CodeEngine:257 - Generated code: D:\MCU_LAB\Midterm\midterm\Core\Inc\stm32f1xx_it.h
2022-11-05 11:07:04,853 [INFO] CodeEngine:239 - oldGeneratedFile, D:\MCU_LAB\Midterm\midterm\Core\Src\stm32f1xx_hal_msp.c_save
2022-11-05 11:07:04,947 [INFO] CodeEngine:257 - Generated code: D:\MCU_LAB\Midterm\midterm\Core\Src\stm32f1xx_hal_msp.c
2022-11-05 11:07:04,962 [INFO] CodeEngine:239 - oldGeneratedFile, D:\MCU_LAB\Midterm\midterm\MXTmpFiles\system.tmp_save
2022-11-05 11:07:05,009 [INFO] CodeEngine:257 - Generated code: D:\MCU_LAB\Midterm\midterm\MXTmpFiles\system.tmp
2022-11-05 11:07:05,025 [INFO] CodeEngine:239 - oldGeneratedFile, D:\MCU_LAB\Midterm\midterm\Core\Inc\stm32f1xx_hal_conf.h_save
2022-11-05 11:07:05,119 [INFO] CodeEngine:257 - Generated code: D:\MCU_LAB\Midterm\midterm\Core\Inc\stm32f1xx_hal_conf.h
2022-11-05 11:07:05,134 [WARN] IPConfigManager:3148 - IP not found : TIM
2022-11-05 11:07:05,134 [WARN] CodeGenerator:3268 - IP not found : null
2022-11-05 11:07:05,150 [INFO] CodeEngine:239 - oldGeneratedFile, D:\MCU_LAB\Midterm\midterm\Core\Inc\main.h_save
2022-11-05 11:07:05,228 [INFO] CodeEngine:257 - Generated code: D:\MCU_LAB\Midterm\midterm\Core\Inc\main.h
2022-11-05 11:07:05,244 [INFO] CodeEngine:239 - oldGeneratedFile, D:\MCU_LAB\Midterm\midterm\Core\Src\main.c_save
2022-11-05 11:07:05,353 [INFO] CodeEngine:257 - Generated code: D:\MCU_LAB\Midterm\midterm\Core\Src\main.c
2022-11-05 11:07:06,229 [INFO] ProjectBuilder:2578 - Time for Copy HAL[1] : 156mS.
2022-11-05 11:07:06,229 [INFO] ProjectBuilder:3622 - Project Generator version: 3.14.1
2022-11-05 11:07:06,745 [INFO] ConfigFileManager:1271 - The Die is : DIE412
2022-11-05 11:07:08,527 [INFO] ProjectBuilder:3789 - Time for Generating toolchain IDE Files: 2298mS.
2022-11-05 11:07:08,527 [INFO] ProjectBuilder:2457 - Time for Copy CMSIS : 0mS.
2022-11-05 11:07:08,527 [INFO] ProjectBuilder:2457 - Time for Copy CMSIS : 0mS.
2022-11-05 20:18:48,542 [INFO] Activator:177 - 


2022-11-05 20:18:48,550 [INFO] Activator:178 - !SESSION log4j initialized
<<<<<<< HEAD
>>>>>>> Stashed changes
=======
>>>>>>> b8fd62af37f8ac0f331b04391464c5b5874a2529
