<<<<<<< HEAD
<<<<<<< Updated upstream
12:40:43 **** Incremental Build of configuration Debug for project midterm ****
=======
01:34:07 **** Incremental Build of configuration Debug for project midterm ****
>>>>>>> Stashed changes
=======
01:29:12 **** Incremental Build of configuration Debug for project midterm ****
>>>>>>> b8fd62af37f8ac0f331b04391464c5b5874a2529
make -j12 all 
arm-none-eabi-size   midterm.elf 
   text	   data	    bss	    dec	    hex	filename
<<<<<<< HEAD
<<<<<<< Updated upstream
   9376	     92	   1708	  11176	   2ba8	midterm.elf
=======
   9696	     92	   1708	  11496	   2ce8	midterm.elf
>>>>>>> Stashed changes
=======
   9932	     32	   1736	  11700	   2db4	midterm.elf
>>>>>>> b8fd62af37f8ac0f331b04391464c5b5874a2529
Finished building: default.size.stdout
 
